2018-02-26 11:11:25 [ERROR] htc.ahp.brand.entity.rest.RequestMessage:55: - 2018-02-26 11:11:25.762||Unrecognized field "unicode" (class com.gk.htc.ahp.brand.entity.rest.RequestMessage), not marked as ignorable (10 known properties: "pass", "brandName", "sendTime", "tranId", "ip", "mess", "user", "phone", "encode", "host"])
 at [Source: (String)"{"tranId":"LopCEO124xz-84914752321-248677857112718","brandName":"LopCEO124xz","pass":"kdKeS#03942@kjsalwe","phone":"84914752321","unicode":0,"mess":"LopCEO124xz:\"tin nh\u1EAFn c\u00F3 d\u1EA5u \"248677857097322","user":"myname","sendTime":""}"; line: 1, column: 141] (through reference chain: com.gk.htc.ahp.brand.entity.rest.RequestMessage["unicode"])
com.fasterxml.jackson.databind.exc.UnrecognizedPropertyException.from(UnrecognizedPropertyException.java:60)
com.fasterxml.jackson.databind.DeserializationContext.handleUnknownProperty(DeserializationContext.java:822)
com.fasterxml.jackson.databind.deser.std.StdDeserializer.handleUnknownProperty(StdDeserializer.java:1152)
com.fasterxml.jackson.databind.deser.BeanDeserializerBase.handleUnknownProperty(BeanDeserializerBase.java:1582)
com.fasterxml.jackson.databind.deser.BeanDeserializerBase.handleUnknownVanilla(BeanDeserializerBase.java:1560)
com.fasterxml.jackson.databind.deser.BeanDeserializer.vanillaDeserialize(BeanDeserializer.java:294)
com.fasterxml.jackson.databind.deser.BeanDeserializer.deserialize(BeanDeserializer.java:151)
com.fasterxml.jackson.databind.ObjectMapper._readMapAndClose(ObjectMapper.java:4001)
com.fasterxml.jackson.databind.ObjectMapper.readValue(ObjectMapper.java:2992)
com.gk.htc.ahp.brand.entity.rest.RequestMessage.toObject(RequestMessage.java:53)
com.gk.htc.ahp.brand.resource.http.MyService.doPostJson(MyService.java:43)
sun.reflect.NativeMethodAccessorImpl.invoke0(Native Method)
sun.reflect.NativeMethodAccessorImpl.invoke(NativeMethodAccessorImpl.java:62)
sun.reflect.DelegatingMethodAccessorImpl.invoke(DelegatingMethodAccessorImpl.java:43)
java.lang.reflect.Method.invoke(Method.java:498)
com.sun.jersey.spi.container.JavaMethodInvokerFactory$1.invoke(JavaMethodInvokerFactory.java:60)
com.sun.jersey.server.impl.model.method.dispatch.AbstractResourceMethodDispatchProvider$ResponseOutInvoker._dispatch(AbstractResourceMethodDispatchProvider.java:205)
com.sun.jersey.server.impl.model.method.dispatch.ResourceJavaMethodDispatcher.dispatch(ResourceJavaMethodDispatcher.java:75)
com.sun.jersey.server.impl.uri.rules.HttpMethodRule.accept(HttpMethodRule.java:302)
com.sun.jersey.server.impl.uri.rules.ResourceClassRule.accept(ResourceClassRule.java:108)
com.sun.jersey.server.impl.uri.rules.RightHandPathRule.accept(RightHandPathRule.java:147)
com.sun.jersey.server.impl.uri.rules.RootResourceClassesRule.accept(RootResourceClassesRule.java:84)
com.sun.jersey.server.impl.application.WebApplicationImpl._handleRequest(WebApplicationImpl.java:1542)
com.sun.jersey.server.impl.application.WebApplicationImpl._handleRequest(WebApplicationImpl.java:1473)
com.sun.jersey.server.impl.application.WebApplicationImpl.handleRequest(WebApplicationImpl.java:1419)
com.sun.jersey.server.impl.application.WebApplicationImpl.handleRequest(WebApplicationImpl.java:1409)
com.sun.jersey.spi.container.servlet.WebComponent.service(WebComponent.java:409)
com.sun.jersey.spi.container.servlet.ServletContainer.service(ServletContainer.java:558)
com.sun.jersey.spi.container.servlet.ServletContainer.service(ServletContainer.java:733)
javax.servlet.http.HttpServlet.service(HttpServlet.java:820)
org.mortbay.jetty.servlet.ServletHolder.handle(ServletHolder.java:511)
org.mortbay.jetty.servlet.ServletHandler.handle(ServletHandler.java:401)
org.mortbay.jetty.servlet.SessionHandler.handle(SessionHandler.java:182)
org.mortbay.jetty.handler.ContextHandler.handle(ContextHandler.java:766)
org.mortbay.jetty.handler.HandlerWrapper.handle(HandlerWrapper.java:152)
org.mortbay.jetty.Server.handle(Server.java:326)
org.mortbay.jetty.HttpConnection.handleRequest(HttpConnection.java:542)
org.mortbay.jetty.HttpConnection$RequestHandler.content(HttpConnection.java:945)
org.mortbay.jetty.HttpParser.parseNext(HttpParser.java:756)
org.mortbay.jetty.HttpParser.parseAvailable(HttpParser.java:218)
org.mortbay.jetty.HttpConnection.handle(HttpConnection.java:404)
org.mortbay.jetty.bio.SocketConnector$Connection.run(SocketConnector.java:228)
org.mortbay.thread.QueuedThreadPool$PoolThread.run(QueuedThreadPool.java:582)

2018-02-26 11:11:30 [ERROR] htc.ahp.brand.entity.rest.RequestMessage:55: - 2018-02-26 11:11:30.034||Unrecognized field "unicode" (class com.gk.htc.ahp.brand.entity.rest.RequestMessage), not marked as ignorable (10 known properties: "pass", "brandName", "sendTime", "tranId", "ip", "mess", "user", "phone", "encode", "host"])
 at [Source: (String)"{"tranId":"LopCEO124xz-84914752321-248682241791701","brandName":"LopCEO124xz","pass":"kdKeS#03942@kjsalwe","phone":"84914752321","unicode":0,"mess":"LopCEO124xz:\"tin nh\u1EAFn c\u00F3 d\u1EA5u \"248682241775736","user":"myname","sendTime":""}"; line: 1, column: 141] (through reference chain: com.gk.htc.ahp.brand.entity.rest.RequestMessage["unicode"])
com.fasterxml.jackson.databind.exc.UnrecognizedPropertyException.from(UnrecognizedPropertyException.java:60)
com.fasterxml.jackson.databind.DeserializationContext.handleUnknownProperty(DeserializationContext.java:822)
com.fasterxml.jackson.databind.deser.std.StdDeserializer.handleUnknownProperty(StdDeserializer.java:1152)
com.fasterxml.jackson.databind.deser.BeanDeserializerBase.handleUnknownProperty(BeanDeserializerBase.java:1582)
com.fasterxml.jackson.databind.deser.BeanDeserializerBase.handleUnknownVanilla(BeanDeserializerBase.java:1560)
com.fasterxml.jackson.databind.deser.BeanDeserializer.vanillaDeserialize(BeanDeserializer.java:294)
com.fasterxml.jackson.databind.deser.BeanDeserializer.deserialize(BeanDeserializer.java:151)
com.fasterxml.jackson.databind.ObjectMapper._readMapAndClose(ObjectMapper.java:4001)
com.fasterxml.jackson.databind.ObjectMapper.readValue(ObjectMapper.java:2992)
com.gk.htc.ahp.brand.entity.rest.RequestMessage.toObject(RequestMessage.java:53)
com.gk.htc.ahp.brand.resource.http.MyService.doPostJson(MyService.java:43)
sun.reflect.NativeMethodAccessorImpl.invoke0(Native Method)
sun.reflect.NativeMethodAccessorImpl.invoke(NativeMethodAccessorImpl.java:62)
sun.reflect.DelegatingMethodAccessorImpl.invoke(DelegatingMethodAccessorImpl.java:43)
java.lang.reflect.Method.invoke(Method.java:498)
com.sun.jersey.spi.container.JavaMethodInvokerFactory$1.invoke(JavaMethodInvokerFactory.java:60)
com.sun.jersey.server.impl.model.method.dispatch.AbstractResourceMethodDispatchProvider$ResponseOutInvoker._dispatch(AbstractResourceMethodDispatchProvider.java:205)
com.sun.jersey.server.impl.model.method.dispatch.ResourceJavaMethodDispatcher.dispatch(ResourceJavaMethodDispatcher.java:75)
com.sun.jersey.server.impl.uri.rules.HttpMethodRule.accept(HttpMethodRule.java:302)
com.sun.jersey.server.impl.uri.rules.ResourceClassRule.accept(ResourceClassRule.java:108)
com.sun.jersey.server.impl.uri.rules.RightHandPathRule.accept(RightHandPathRule.java:147)
com.sun.jersey.server.impl.uri.rules.RootResourceClassesRule.accept(RootResourceClassesRule.java:84)
com.sun.jersey.server.impl.application.WebApplicationImpl._handleRequest(WebApplicationImpl.java:1542)
com.sun.jersey.server.impl.application.WebApplicationImpl._handleRequest(WebApplicationImpl.java:1473)
com.sun.jersey.server.impl.application.WebApplicationImpl.handleRequest(WebApplicationImpl.java:1419)
com.sun.jersey.server.impl.application.WebApplicationImpl.handleRequest(WebApplicationImpl.java:1409)
com.sun.jersey.spi.container.servlet.WebComponent.service(WebComponent.java:409)
com.sun.jersey.spi.container.servlet.ServletContainer.service(ServletContainer.java:558)
com.sun.jersey.spi.container.servlet.ServletContainer.service(ServletContainer.java:733)
javax.servlet.http.HttpServlet.service(HttpServlet.java:820)
org.mortbay.jetty.servlet.ServletHolder.handle(ServletHolder.java:511)
org.mortbay.jetty.servlet.ServletHandler.handle(ServletHandler.java:401)
org.mortbay.jetty.servlet.SessionHandler.handle(SessionHandler.java:182)
org.mortbay.jetty.handler.ContextHandler.handle(ContextHandler.java:766)
org.mortbay.jetty.handler.HandlerWrapper.handle(HandlerWrapper.java:152)
org.mortbay.jetty.Server.handle(Server.java:326)
org.mortbay.jetty.HttpConnection.handleRequest(HttpConnection.java:542)
org.mortbay.jetty.HttpConnection$RequestHandler.content(HttpConnection.java:945)
org.mortbay.jetty.HttpParser.parseNext(HttpParser.java:756)
org.mortbay.jetty.HttpParser.parseAvailable(HttpParser.java:218)
org.mortbay.jetty.HttpConnection.handle(HttpConnection.java:404)
org.mortbay.jetty.bio.SocketConnector$Connection.run(SocketConnector.java:228)
org.mortbay.thread.QueuedThreadPool$PoolThread.run(QueuedThreadPool.java:582)

2018-02-26 11:11:57 [ERROR] htc.ahp.brand.entity.rest.RequestMessage:55: - 2018-02-26 11:11:57.942||Unrecognized field "unicode" (class com.gk.htc.ahp.brand.entity.rest.RequestMessage), not marked as ignorable (10 known properties: "pass", "brandName", "sendTime", "tranId", "ip", "mess", "user", "phone", "encode", "host"])
 at [Source: (String)"{"tranId":"LopCEO124xz-84914752321-248710148722412","brandName":"LopCEO124xz","pass":"kdKeS#03942@kjsalwe","phone":"84914752321","unicode":0,"mess":"LopCEO124xz:\"tin nh\u1EAFn c\u00F3 d\u1EA5u \"248710148708157","user":"myname","sendTime":""}"; line: 1, column: 141] (through reference chain: com.gk.htc.ahp.brand.entity.rest.RequestMessage["unicode"])
com.fasterxml.jackson.databind.exc.UnrecognizedPropertyException.from(UnrecognizedPropertyException.java:60)
com.fasterxml.jackson.databind.DeserializationContext.handleUnknownProperty(DeserializationContext.java:822)
com.fasterxml.jackson.databind.deser.std.StdDeserializer.handleUnknownProperty(StdDeserializer.java:1152)
com.fasterxml.jackson.databind.deser.BeanDeserializerBase.handleUnknownProperty(BeanDeserializerBase.java:1582)
com.fasterxml.jackson.databind.deser.BeanDeserializerBase.handleUnknownVanilla(BeanDeserializerBase.java:1560)
com.fasterxml.jackson.databind.deser.BeanDeserializer.vanillaDeserialize(BeanDeserializer.java:294)
com.fasterxml.jackson.databind.deser.BeanDeserializer.deserialize(BeanDeserializer.java:151)
com.fasterxml.jackson.databind.ObjectMapper._readMapAndClose(ObjectMapper.java:4001)
com.fasterxml.jackson.databind.ObjectMapper.readValue(ObjectMapper.java:2992)
com.gk.htc.ahp.brand.entity.rest.RequestMessage.toObject(RequestMessage.java:53)
com.gk.htc.ahp.brand.resource.http.MyService.doPostJson(MyService.java:43)
sun.reflect.NativeMethodAccessorImpl.invoke0(Native Method)
sun.reflect.NativeMethodAccessorImpl.invoke(NativeMethodAccessorImpl.java:62)
sun.reflect.DelegatingMethodAccessorImpl.invoke(DelegatingMethodAccessorImpl.java:43)
java.lang.reflect.Method.invoke(Method.java:498)
com.sun.jersey.spi.container.JavaMethodInvokerFactory$1.invoke(JavaMethodInvokerFactory.java:60)
com.sun.jersey.server.impl.model.method.dispatch.AbstractResourceMethodDispatchProvider$ResponseOutInvoker._dispatch(AbstractResourceMethodDispatchProvider.java:205)
com.sun.jersey.server.impl.model.method.dispatch.ResourceJavaMethodDispatcher.dispatch(ResourceJavaMethodDispatcher.java:75)
com.sun.jersey.server.impl.uri.rules.HttpMethodRule.accept(HttpMethodRule.java:302)
com.sun.jersey.server.impl.uri.rules.ResourceClassRule.accept(ResourceClassRule.java:108)
com.sun.jersey.server.impl.uri.rules.RightHandPathRule.accept(RightHandPathRule.java:147)
com.sun.jersey.server.impl.uri.rules.RootResourceClassesRule.accept(RootResourceClassesRule.java:84)
com.sun.jersey.server.impl.application.WebApplicationImpl._handleRequest(WebApplicationImpl.java:1542)
com.sun.jersey.server.impl.application.WebApplicationImpl._handleRequest(WebApplicationImpl.java:1473)
com.sun.jersey.server.impl.application.WebApplicationImpl.handleRequest(WebApplicationImpl.java:1419)
com.sun.jersey.server.impl.application.WebApplicationImpl.handleRequest(WebApplicationImpl.java:1409)
com.sun.jersey.spi.container.servlet.WebComponent.service(WebComponent.java:409)
com.sun.jersey.spi.container.servlet.ServletContainer.service(ServletContainer.java:558)
com.sun.jersey.spi.container.servlet.ServletContainer.service(ServletContainer.java:733)
javax.servlet.http.HttpServlet.service(HttpServlet.java:820)
org.mortbay.jetty.servlet.ServletHolder.handle(ServletHolder.java:511)
org.mortbay.jetty.servlet.ServletHandler.handle(ServletHandler.java:401)
org.mortbay.jetty.servlet.SessionHandler.handle(SessionHandler.java:182)
org.mortbay.jetty.handler.ContextHandler.handle(ContextHandler.java:766)
org.mortbay.jetty.handler.HandlerWrapper.handle(HandlerWrapper.java:152)
org.mortbay.jetty.Server.handle(Server.java:326)
org.mortbay.jetty.HttpConnection.handleRequest(HttpConnection.java:542)
org.mortbay.jetty.HttpConnection$RequestHandler.content(HttpConnection.java:945)
org.mortbay.jetty.HttpParser.parseNext(HttpParser.java:756)
org.mortbay.jetty.HttpParser.parseAvailable(HttpParser.java:218)
org.mortbay.jetty.HttpConnection.handle(HttpConnection.java:404)
org.mortbay.jetty.bio.SocketConnector$Connection.run(SocketConnector.java:228)
org.mortbay.thread.QueuedThreadPool$PoolThread.run(QueuedThreadPool.java:582)

2018-02-26 11:12:30 [ERROR] htc.ahp.brand.entity.rest.RequestMessage:55: - 2018-02-26 11:12:30.8||Unrecognized field "unicode" (class com.gk.htc.ahp.brand.entity.rest.RequestMessage), not marked as ignorable (10 known properties: "pass", "brandName", "sendTime", "tranId", "ip", "mess", "user", "phone", "encode", "host"])
 at [Source: (String)"{"tranId":"LopCEO124xz-84914752321-248742987017426","brandName":"LopCEO124xz","pass":"kdKeS#03942@kjsalwe","phone":"84914752321","unicode":1,"mess":"LopCEO124xz:\"tin nh\u1EAFn c\u00F3 d\u1EA5u \"248742987000890","user":"myname","sendTime":""}"; line: 1, column: 141] (through reference chain: com.gk.htc.ahp.brand.entity.rest.RequestMessage["unicode"])
com.fasterxml.jackson.databind.exc.UnrecognizedPropertyException.from(UnrecognizedPropertyException.java:60)
com.fasterxml.jackson.databind.DeserializationContext.handleUnknownProperty(DeserializationContext.java:822)
com.fasterxml.jackson.databind.deser.std.StdDeserializer.handleUnknownProperty(StdDeserializer.java:1152)
com.fasterxml.jackson.databind.deser.BeanDeserializerBase.handleUnknownProperty(BeanDeserializerBase.java:1582)
com.fasterxml.jackson.databind.deser.BeanDeserializerBase.handleUnknownVanilla(BeanDeserializerBase.java:1560)
com.fasterxml.jackson.databind.deser.BeanDeserializer.vanillaDeserialize(BeanDeserializer.java:294)
com.fasterxml.jackson.databind.deser.BeanDeserializer.deserialize(BeanDeserializer.java:151)
com.fasterxml.jackson.databind.ObjectMapper._readMapAndClose(ObjectMapper.java:4001)
com.fasterxml.jackson.databind.ObjectMapper.readValue(ObjectMapper.java:2992)
com.gk.htc.ahp.brand.entity.rest.RequestMessage.toObject(RequestMessage.java:53)
com.gk.htc.ahp.brand.resource.http.MyService.doPostJson(MyService.java:43)
sun.reflect.NativeMethodAccessorImpl.invoke0(Native Method)
sun.reflect.NativeMethodAccessorImpl.invoke(NativeMethodAccessorImpl.java:62)
sun.reflect.DelegatingMethodAccessorImpl.invoke(DelegatingMethodAccessorImpl.java:43)
java.lang.reflect.Method.invoke(Method.java:498)
com.sun.jersey.spi.container.JavaMethodInvokerFactory$1.invoke(JavaMethodInvokerFactory.java:60)
com.sun.jersey.server.impl.model.method.dispatch.AbstractResourceMethodDispatchProvider$ResponseOutInvoker._dispatch(AbstractResourceMethodDispatchProvider.java:205)
com.sun.jersey.server.impl.model.method.dispatch.ResourceJavaMethodDispatcher.dispatch(ResourceJavaMethodDispatcher.java:75)
com.sun.jersey.server.impl.uri.rules.HttpMethodRule.accept(HttpMethodRule.java:302)
com.sun.jersey.server.impl.uri.rules.ResourceClassRule.accept(ResourceClassRule.java:108)
com.sun.jersey.server.impl.uri.rules.RightHandPathRule.accept(RightHandPathRule.java:147)
com.sun.jersey.server.impl.uri.rules.RootResourceClassesRule.accept(RootResourceClassesRule.java:84)
com.sun.jersey.server.impl.application.WebApplicationImpl._handleRequest(WebApplicationImpl.java:1542)
com.sun.jersey.server.impl.application.WebApplicationImpl._handleRequest(WebApplicationImpl.java:1473)
com.sun.jersey.server.impl.application.WebApplicationImpl.handleRequest(WebApplicationImpl.java:1419)
com.sun.jersey.server.impl.application.WebApplicationImpl.handleRequest(WebApplicationImpl.java:1409)
com.sun.jersey.spi.container.servlet.WebComponent.service(WebComponent.java:409)
com.sun.jersey.spi.container.servlet.ServletContainer.service(ServletContainer.java:558)
com.sun.jersey.spi.container.servlet.ServletContainer.service(ServletContainer.java:733)
javax.servlet.http.HttpServlet.service(HttpServlet.java:820)
org.mortbay.jetty.servlet.ServletHolder.handle(ServletHolder.java:511)
org.mortbay.jetty.servlet.ServletHandler.handle(ServletHandler.java:401)
org.mortbay.jetty.servlet.SessionHandler.handle(SessionHandler.java:182)
org.mortbay.jetty.handler.ContextHandler.handle(ContextHandler.java:766)
org.mortbay.jetty.handler.HandlerWrapper.handle(HandlerWrapper.java:152)
org.mortbay.jetty.Server.handle(Server.java:326)
org.mortbay.jetty.HttpConnection.handleRequest(HttpConnection.java:542)
org.mortbay.jetty.HttpConnection$RequestHandler.content(HttpConnection.java:945)
org.mortbay.jetty.HttpParser.parseNext(HttpParser.java:756)
org.mortbay.jetty.HttpParser.parseAvailable(HttpParser.java:218)
org.mortbay.jetty.HttpConnection.handle(HttpConnection.java:404)
org.mortbay.jetty.bio.SocketConnector$Connection.run(SocketConnector.java:228)
org.mortbay.thread.QueuedThreadPool$PoolThread.run(QueuedThreadPool.java:582)

2018-02-26 14:22:33 [ERROR] htc.ahp.brand.entity.rest.RequestMessage:55: - 2018-02-26 14:22:33.817||Unrecognized field "dataEncode" (class com.gk.htc.ahp.brand.entity.rest.RequestMessage), not marked as ignorable (10 known properties: "pass", "brandName", "sendTime", "tranId", "ip", "mess", "user", "unicode", "phone", "host"])
 at [Source: (String)"{"tranId":"LopCEO124xz-84914752321-260145791537564","brandName":"LopCEO124xz","pass":"kdKeS#03942@kjsalwe","phone":"84914752321","mess":"LopCEO124xz:\"tin nh\u1EAFn c\u00F3 d\u1EA5u \"260145791520458","user":"myname","dataEncode":1,"sendTime":""}"; line: 1, column: 232] (through reference chain: com.gk.htc.ahp.brand.entity.rest.RequestMessage["dataEncode"])
com.fasterxml.jackson.databind.exc.UnrecognizedPropertyException.from(UnrecognizedPropertyException.java:60)
com.fasterxml.jackson.databind.DeserializationContext.handleUnknownProperty(DeserializationContext.java:822)
com.fasterxml.jackson.databind.deser.std.StdDeserializer.handleUnknownProperty(StdDeserializer.java:1152)
com.fasterxml.jackson.databind.deser.BeanDeserializerBase.handleUnknownProperty(BeanDeserializerBase.java:1582)
com.fasterxml.jackson.databind.deser.BeanDeserializerBase.handleUnknownVanilla(BeanDeserializerBase.java:1560)
com.fasterxml.jackson.databind.deser.BeanDeserializer.vanillaDeserialize(BeanDeserializer.java:294)
com.fasterxml.jackson.databind.deser.BeanDeserializer.deserialize(BeanDeserializer.java:151)
com.fasterxml.jackson.databind.ObjectMapper._readMapAndClose(ObjectMapper.java:4001)
com.fasterxml.jackson.databind.ObjectMapper.readValue(ObjectMapper.java:2992)
com.gk.htc.ahp.brand.entity.rest.RequestMessage.toObject(RequestMessage.java:53)
com.gk.htc.ahp.brand.resource.http.MyService.doPostJson(MyService.java:43)
sun.reflect.NativeMethodAccessorImpl.invoke0(Native Method)
sun.reflect.NativeMethodAccessorImpl.invoke(NativeMethodAccessorImpl.java:62)
sun.reflect.DelegatingMethodAccessorImpl.invoke(DelegatingMethodAccessorImpl.java:43)
java.lang.reflect.Method.invoke(Method.java:498)
com.sun.jersey.spi.container.JavaMethodInvokerFactory$1.invoke(JavaMethodInvokerFactory.java:60)
com.sun.jersey.server.impl.model.method.dispatch.AbstractResourceMethodDispatchProvider$ResponseOutInvoker._dispatch(AbstractResourceMethodDispatchProvider.java:205)
com.sun.jersey.server.impl.model.method.dispatch.ResourceJavaMethodDispatcher.dispatch(ResourceJavaMethodDispatcher.java:75)
com.sun.jersey.server.impl.uri.rules.HttpMethodRule.accept(HttpMethodRule.java:302)
com.sun.jersey.server.impl.uri.rules.ResourceClassRule.accept(ResourceClassRule.java:108)
com.sun.jersey.server.impl.uri.rules.RightHandPathRule.accept(RightHandPathRule.java:147)
com.sun.jersey.server.impl.uri.rules.RootResourceClassesRule.accept(RootResourceClassesRule.java:84)
com.sun.jersey.server.impl.application.WebApplicationImpl._handleRequest(WebApplicationImpl.java:1542)
com.sun.jersey.server.impl.application.WebApplicationImpl._handleRequest(WebApplicationImpl.java:1473)
com.sun.jersey.server.impl.application.WebApplicationImpl.handleRequest(WebApplicationImpl.java:1419)
com.sun.jersey.server.impl.application.WebApplicationImpl.handleRequest(WebApplicationImpl.java:1409)
com.sun.jersey.spi.container.servlet.WebComponent.service(WebComponent.java:409)
com.sun.jersey.spi.container.servlet.ServletContainer.service(ServletContainer.java:558)
com.sun.jersey.spi.container.servlet.ServletContainer.service(ServletContainer.java:733)
javax.servlet.http.HttpServlet.service(HttpServlet.java:820)
org.mortbay.jetty.servlet.ServletHolder.handle(ServletHolder.java:511)
org.mortbay.jetty.servlet.ServletHandler.handle(ServletHandler.java:401)
org.mortbay.jetty.servlet.SessionHandler.handle(SessionHandler.java:182)
org.mortbay.jetty.handler.ContextHandler.handle(ContextHandler.java:766)
org.mortbay.jetty.handler.HandlerWrapper.handle(HandlerWrapper.java:152)
org.mortbay.jetty.Server.handle(Server.java:326)
org.mortbay.jetty.HttpConnection.handleRequest(HttpConnection.java:542)
org.mortbay.jetty.HttpConnection$RequestHandler.content(HttpConnection.java:945)
org.mortbay.jetty.HttpParser.parseNext(HttpParser.java:756)
org.mortbay.jetty.HttpParser.parseAvailable(HttpParser.java:218)
org.mortbay.jetty.HttpConnection.handle(HttpConnection.java:404)
org.mortbay.jetty.bio.SocketConnector$Connection.run(SocketConnector.java:228)
org.mortbay.thread.QueuedThreadPool$PoolThread.run(QueuedThreadPool.java:582)

