2018-02-03 10:01:37 [ERROR] htc.ahp.brand.resource.http.MyService:94: - jsonInput:%7B%22tranId%22%3A%22CommCredit-84966878997-142828605262870%22%2C%22encode%22%3A1%2C%22brandName%22%3A%22CommCredit%22%2C%22pass%22%3A%22kdKeS%2303942%40kjsalwe%22%2C%22phone%22%3A%2284966878997%22%2C%22mess%22%3A%22CommCredit%3A+G%E1%BB%ADi+Minh+kudo+.Tin+nh%E1%BA%AFn+c%C3%B3+d%E1%BA%A5u+%5E_%5E+142828605246459%22%2C%22user%22%3A%22myname%22%2C%22sendTime%22%3A%22%22%7D
2018-02-03 10:01:37 [ERROR] htc.ahp.brand.resource.http.MyService:95: - 2018-02-03 10:01:37.472||A JSONObject text must begin with '{' at character 1 of %7B%22tranId%22%3A%22CommCredit-84966878997-142828605262870%22%2C%22encode%22%3A1%2C%22brandName%22%3A%22CommCredit%22%2C%22pass%22%3A%22kdKeS%2303942%40kjsalwe%22%2C%22phone%22%3A%2284966878997%22%2C%22mess%22%3A%22CommCredit%3A+G%E1%BB%ADi+Minh+kudo+.Tin+nh%E1%BA%AFn+c%C3%B3+d%E1%BA%A5u+%5E_%5E+142828605246459%22%2C%22user%22%3A%22myname%22%2C%22sendTime%22%3A%22%22%7D
net.sf.json.util.JSONTokener.syntaxError(JSONTokener.java:499)
net.sf.json.JSONObject._fromJSONTokener(JSONObject.java:947)
net.sf.json.JSONObject._fromString(JSONObject.java:1176)
net.sf.json.JSONObject.fromObject(JSONObject.java:154)
net.sf.json.JSONObject.fromObject(JSONObject.java:128)
com.gk.htc.ahp.brand.resource.http.MyService.readDataJson(MyService.java:90)
com.gk.htc.ahp.brand.resource.http.MyService.doPostJson(MyService.java:46)
sun.reflect.NativeMethodAccessorImpl.invoke0(Native Method)
sun.reflect.NativeMethodAccessorImpl.invoke(NativeMethodAccessorImpl.java:62)
sun.reflect.DelegatingMethodAccessorImpl.invoke(DelegatingMethodAccessorImpl.java:43)
java.lang.reflect.Method.invoke(Method.java:498)
com.sun.jersey.spi.container.JavaMethodInvokerFactory$1.invoke(JavaMethodInvokerFactory.java:60)
com.sun.jersey.server.impl.model.method.dispatch.AbstractResourceMethodDispatchProvider$ResponseOutInvoker._dispatch(AbstractResourceMethodDispatchProvider.java:205)
com.sun.jersey.server.impl.model.method.dispatch.ResourceJavaMethodDispatcher.dispatch(ResourceJavaMethodDispatcher.java:75)
com.sun.jersey.server.impl.uri.rules.HttpMethodRule.accept(HttpMethodRule.java:302)
com.sun.jersey.server.impl.uri.rules.ResourceClassRule.accept(ResourceClassRule.java:108)
com.sun.jersey.server.impl.uri.rules.RightHandPathRule.accept(RightHandPathRule.java:147)
com.sun.jersey.server.impl.uri.rules.RootResourceClassesRule.accept(RootResourceClassesRule.java:84)
com.sun.jersey.server.impl.application.WebApplicationImpl._handleRequest(WebApplicationImpl.java:1542)
com.sun.jersey.server.impl.application.WebApplicationImpl._handleRequest(WebApplicationImpl.java:1473)
com.sun.jersey.server.impl.application.WebApplicationImpl.handleRequest(WebApplicationImpl.java:1419)
com.sun.jersey.server.impl.application.WebApplicationImpl.handleRequest(WebApplicationImpl.java:1409)
com.sun.jersey.spi.container.servlet.WebComponent.service(WebComponent.java:409)
com.sun.jersey.spi.container.servlet.ServletContainer.service(ServletContainer.java:558)
com.sun.jersey.spi.container.servlet.ServletContainer.service(ServletContainer.java:733)
javax.servlet.http.HttpServlet.service(HttpServlet.java:820)
org.mortbay.jetty.servlet.ServletHolder.handle(ServletHolder.java:511)
org.mortbay.jetty.servlet.ServletHandler.handle(ServletHandler.java:401)
org.mortbay.jetty.servlet.SessionHandler.handle(SessionHandler.java:182)
org.mortbay.jetty.handler.ContextHandler.handle(ContextHandler.java:766)
org.mortbay.jetty.handler.HandlerWrapper.handle(HandlerWrapper.java:152)
org.mortbay.jetty.Server.handle(Server.java:326)
org.mortbay.jetty.HttpConnection.handleRequest(HttpConnection.java:542)
org.mortbay.jetty.HttpConnection$RequestHandler.content(HttpConnection.java:945)
org.mortbay.jetty.HttpParser.parseNext(HttpParser.java:756)
org.mortbay.jetty.HttpParser.parseAvailable(HttpParser.java:218)
org.mortbay.jetty.HttpConnection.handle(HttpConnection.java:404)
org.mortbay.jetty.bio.SocketConnector$Connection.run(SocketConnector.java:228)
org.mortbay.thread.QueuedThreadPool$PoolThread.run(QueuedThreadPool.java:582)

2018-02-03 10:03:16 [ERROR] htc.ahp.brand.resource.http.MyService:94: - jsonInput:%7B%22tranId%22%3A%22CommCredit-84966878997-142927516342035%22%2C%22encode%22%3A1%2C%22brandName%22%3A%22CommCredit%22%2C%22pass%22%3A%22kdKeS%2303942%40kjsalwe%22%2C%22phone%22%3A%2284966878997%22%2C%22mess%22%3A%22CommCredit%3A+G%E1%BB%ADi+Minh+kudo+.Tin+nh%E1%BA%AFn+c%C3%B3+d%E1%BA%A5u+%5E_%5E+142927516316144%22%2C%22user%22%3A%22myname%22%2C%22sendTime%22%3A%22%22%7D
2018-02-03 10:03:16 [ERROR] htc.ahp.brand.resource.http.MyService:95: - 2018-02-03 10:03:16.425||A JSONObject text must begin with '{' at character 1 of %7B%22tranId%22%3A%22CommCredit-84966878997-142927516342035%22%2C%22encode%22%3A1%2C%22brandName%22%3A%22CommCredit%22%2C%22pass%22%3A%22kdKeS%2303942%40kjsalwe%22%2C%22phone%22%3A%2284966878997%22%2C%22mess%22%3A%22CommCredit%3A+G%E1%BB%ADi+Minh+kudo+.Tin+nh%E1%BA%AFn+c%C3%B3+d%E1%BA%A5u+%5E_%5E+142927516316144%22%2C%22user%22%3A%22myname%22%2C%22sendTime%22%3A%22%22%7D
net.sf.json.util.JSONTokener.syntaxError(JSONTokener.java:499)
net.sf.json.JSONObject._fromJSONTokener(JSONObject.java:947)
net.sf.json.JSONObject._fromString(JSONObject.java:1176)
net.sf.json.JSONObject.fromObject(JSONObject.java:154)
net.sf.json.JSONObject.fromObject(JSONObject.java:128)
com.gk.htc.ahp.brand.resource.http.MyService.readDataJson(MyService.java:90)
com.gk.htc.ahp.brand.resource.http.MyService.doPostJson(MyService.java:46)
sun.reflect.NativeMethodAccessorImpl.invoke0(Native Method)
sun.reflect.NativeMethodAccessorImpl.invoke(NativeMethodAccessorImpl.java:62)
sun.reflect.DelegatingMethodAccessorImpl.invoke(DelegatingMethodAccessorImpl.java:43)
java.lang.reflect.Method.invoke(Method.java:498)
com.sun.jersey.spi.container.JavaMethodInvokerFactory$1.invoke(JavaMethodInvokerFactory.java:60)
com.sun.jersey.server.impl.model.method.dispatch.AbstractResourceMethodDispatchProvider$ResponseOutInvoker._dispatch(AbstractResourceMethodDispatchProvider.java:205)
com.sun.jersey.server.impl.model.method.dispatch.ResourceJavaMethodDispatcher.dispatch(ResourceJavaMethodDispatcher.java:75)
com.sun.jersey.server.impl.uri.rules.HttpMethodRule.accept(HttpMethodRule.java:302)
com.sun.jersey.server.impl.uri.rules.ResourceClassRule.accept(ResourceClassRule.java:108)
com.sun.jersey.server.impl.uri.rules.RightHandPathRule.accept(RightHandPathRule.java:147)
com.sun.jersey.server.impl.uri.rules.RootResourceClassesRule.accept(RootResourceClassesRule.java:84)
com.sun.jersey.server.impl.application.WebApplicationImpl._handleRequest(WebApplicationImpl.java:1542)
com.sun.jersey.server.impl.application.WebApplicationImpl._handleRequest(WebApplicationImpl.java:1473)
com.sun.jersey.server.impl.application.WebApplicationImpl.handleRequest(WebApplicationImpl.java:1419)
com.sun.jersey.server.impl.application.WebApplicationImpl.handleRequest(WebApplicationImpl.java:1409)
com.sun.jersey.spi.container.servlet.WebComponent.service(WebComponent.java:409)
com.sun.jersey.spi.container.servlet.ServletContainer.service(ServletContainer.java:558)
com.sun.jersey.spi.container.servlet.ServletContainer.service(ServletContainer.java:733)
javax.servlet.http.HttpServlet.service(HttpServlet.java:820)
org.mortbay.jetty.servlet.ServletHolder.handle(ServletHolder.java:511)
org.mortbay.jetty.servlet.ServletHandler.handle(ServletHandler.java:401)
org.mortbay.jetty.servlet.SessionHandler.handle(SessionHandler.java:182)
org.mortbay.jetty.handler.ContextHandler.handle(ContextHandler.java:766)
org.mortbay.jetty.handler.HandlerWrapper.handle(HandlerWrapper.java:152)
org.mortbay.jetty.Server.handle(Server.java:326)
org.mortbay.jetty.HttpConnection.handleRequest(HttpConnection.java:542)
org.mortbay.jetty.HttpConnection$RequestHandler.content(HttpConnection.java:945)
org.mortbay.jetty.HttpParser.parseNext(HttpParser.java:756)
org.mortbay.jetty.HttpParser.parseAvailable(HttpParser.java:218)
org.mortbay.jetty.HttpConnection.handle(HttpConnection.java:404)
org.mortbay.jetty.bio.SocketConnector$Connection.run(SocketConnector.java:228)
org.mortbay.thread.QueuedThreadPool$PoolThread.run(QueuedThreadPool.java:582)

