26-02-2018 09:56:54 [INFO ] REQUEST_LOG:23 - {"id":0,"phone":"84914752321","oper":"GPC","message":"Tham gia Talkshow \"TOP TIPS FOR IELTS WRITING\" cung cao thu IELTS 8.5 Hoang Anh Thu tai nha sach Dong Tay. Dang ky ngay goo.gl/b2zoFr. Hotline 0944260586!","totalSms":1,"label":"LopCEO124xz","userSender":"myname","requestTime":1519613814887,"timeSend":null,"result":7,"type":0,"errorInfo":"Brand not Active |br=LopCEO124xz","tranId":"LopCEO124xz-84914752321-244207035957312","messageId":null,"sendTo":null,"brGroup":null,"sarMsgRefNum":0,"sarSegmentSeqnum":0,"sarTotalSegments":0,"processTime":3,"providerDesc":null,"node":"NODE_3","cpCode":"MYNAME","retry":0,"shutDown":false,"dataEndCode":0,"timeOut":false,"startTime":0,"list_messageId":null,"reqId_vivas":null,"cacheFrom":null,"systemId":"84914752321-5a62811e0b0a71","source":"API","optString":null,"extenInfo":"118.70.109.34|api.brand1.xyz:9983-118.70.109.34"}
26-02-2018 09:57:45 [INFO ] REQUEST_LOG:23 - {"id":0,"phone":"84914752321","oper":"GPC","message":"LopCEO124xz:\"tin nhắn có dấu \"244257599098287","totalSms":1,"label":"LopCEO124xz","userSender":"myname","requestTime":1519613865354,"timeSend":null,"result":11,"type":0,"errorInfo":"Message Has Unicode Charactor","tranId":"LopCEO124xz-84914752321-244257599111402","messageId":null,"sendTo":null,"brGroup":null,"sarMsgRefNum":0,"sarSegmentSeqnum":0,"sarTotalSegments":0,"processTime":4,"providerDesc":null,"node":"NODE_3","cpCode":"MYNAME","retry":0,"shutDown":false,"dataEndCode":0,"timeOut":false,"startTime":0,"list_messageId":null,"reqId_vivas":null,"cacheFrom":null,"systemId":"84914752321-5a628cde126d8a","source":"API","optString":null,"extenInfo":"118.70.109.34|api.brand1.xyz:9983-118.70.109.34"}
26-02-2018 10:42:39 [INFO ] REQUEST_LOG:23 - {"id":0,"phone":"84914752321","oper":"GPC","message":"LopCEO124xz:\"tin nhắn có dấu \"246951856228909","totalSms":1,"label":"LopCEO124xz","userSender":"myname","requestTime":1519616559696,"timeSend":null,"result":11,"type":0,"errorInfo":"Message Has Unicode Charactor","tranId":"LopCEO124xz-84914752321-246951856243164","messageId":null,"sendTo":null,"brGroup":null,"sarMsgRefNum":0,"sarSegmentSeqnum":0,"sarTotalSegments":0,"processTime":2,"providerDesc":null,"node":"NODE_3","cpCode":"MYNAME","retry":0,"shutDown":false,"dataEndCode":0,"timeOut":false,"startTime":0,"list_messageId":null,"reqId_vivas":null,"cacheFrom":null,"systemId":"84914752321-5a6500315f3544","source":"API","optString":null,"extenInfo":"118.70.109.34|api.brand1.xyz:9983-118.70.109.34"}
26-02-2018 10:42:48 [INFO ] REQUEST_LOG:23 - {"id":0,"phone":"84914752321","oper":"GPC","message":"LopCEO124xz:\"tin nhắn có dấu \"246960382323492","totalSms":1,"label":"LopCEO124xz","userSender":"myname","requestTime":1519616568172,"timeSend":null,"result":7,"type":0,"errorInfo":"Brand not Active |br=LopCEO124xz","tranId":"LopCEO124xz-84914752321-246960382348010","messageId":null,"sendTo":null,"brGroup":null,"sarMsgRefNum":0,"sarSegmentSeqnum":0,"sarTotalSegments":0,"processTime":4,"providerDesc":null,"node":"NODE_3","cpCode":"MYNAME","retry":0,"shutDown":false,"dataEndCode":1,"timeOut":false,"startTime":0,"list_messageId":null,"reqId_vivas":null,"cacheFrom":null,"systemId":"84914752321-5a65022a97016c","source":"API","optString":null,"extenInfo":"118.70.109.34|api.brand1.xyz:9983-118.70.109.34"}
26-02-2018 10:53:11 [INFO ] REQUEST_LOG:23 - {"id":0,"phone":"849649336619","oper":"VTE","message":"NGHEMOIGIOI:\"tin nhắn có dấu \"247583722793814","totalSms":1,"label":"NGHEMOIGIOI","userSender":"myname","requestTime":1519617191507,"timeSend":null,"result":5,"type":0,"errorInfo":"Send Phone Invalid|ph=849649336619","tranId":"NGHEMOIGIOI-849649336619-247583722814342","messageId":null,"sendTo":null,"brGroup":null,"sarMsgRefNum":0,"sarSegmentSeqnum":0,"sarTotalSegments":0,"processTime":1,"providerDesc":null,"node":"NODE_3","cpCode":"MYNAME","retry":0,"shutDown":false,"dataEndCode":1,"timeOut":false,"startTime":0,"list_messageId":null,"reqId_vivas":null,"cacheFrom":null,"systemId":"849649336619-5a65934c3e0937","source":"API","optString":null,"extenInfo":"118.70.109.34|api.brand1.xyz:9983-118.70.109.34"}
26-02-2018 10:54:04 [INFO ] REQUEST_LOG:23 - {"id":0,"phone":"84966878997","oper":"VTE","message":"NGHEMOIGIOI:\"tin nhắn có dấu \"247636292853583","totalSms":1,"label":"NGHEMOIGIOI","userSender":"myname","requestTime":1519617244117,"timeSend":null,"result":7,"type":0,"errorInfo":"Brand not Active |br=NGHEMOIGIOI","tranId":"NGHEMOIGIOI-84966878997-247636292874110","messageId":null,"sendTo":null,"brGroup":null,"sarMsgRefNum":0,"sarSegmentSeqnum":0,"sarTotalSegments":0,"processTime":1,"providerDesc":null,"node":"NODE_3","cpCode":"MYNAME","retry":0,"shutDown":false,"dataEndCode":1,"timeOut":false,"startTime":0,"list_messageId":null,"reqId_vivas":null,"cacheFrom":null,"systemId":"84966878997-5a659f8c084bbe","source":"API","optString":null,"extenInfo":"118.70.109.34|api.brand1.xyz:9983-118.70.109.34"}
26-02-2018 10:54:34 [INFO ] REQUEST_LOG:23 - {"id":0,"phone":"84966878997","oper":"VTE","message":"VIETTIEN:\"tin nhắn có dấu \"247666437004710","totalSms":1,"label":"VIETTIEN","userSender":"myname","requestTime":1519617274223,"timeSend":null,"result":99,"type":0,"errorInfo":"RECEIVED","tranId":"VIETTIEN-84966878997-247666437019821","messageId":null,"sendTo":"MBF_VASVTE","brGroup":"N3","sarMsgRefNum":0,"sarSegmentSeqnum":0,"sarTotalSegments":0,"processTime":2,"providerDesc":null,"node":"NODE_3","cpCode":"MYNAME","retry":0,"shutDown":false,"dataEndCode":1,"timeOut":false,"startTime":0,"list_messageId":null,"reqId_vivas":null,"cacheFrom":null,"systemId":"84966878997-5a65a68e89de54","source":"API","optString":"{\"vinaphone\":{\"labelId\":\"0\",\"tmpId\":\"0\"}}","extenInfo":"118.70.109.34|api.brand1.xyz:9983-118.70.109.34"}
26-02-2018 10:54:34 [INFO ] SUBMIT_LOG:30 - {"id":0,"phone":"84966878997","oper":"VTE","message":"VIETTIEN:\"tin nhắn có dấu \"247666437004710","totalSms":1,"label":"VIETTIEN","userSender":"myname","requestTime":1519617274223,"timeSend":1519617274226,"result":1,"type":0,"errorInfo":"SUBMITTED","tranId":"VIETTIEN-84966878997-247666437019821","messageId":null,"sendTo":"MBF_VASVTE","brGroup":"N3","sarMsgRefNum":0,"sarSegmentSeqnum":0,"sarTotalSegments":0,"processTime":43,"providerDesc":"Insert MT_QUEUE: OK","node":"NODE_3","cpCode":"MYNAME","retry":0,"shutDown":false,"dataEndCode":1,"timeOut":false,"startTime":0,"list_messageId":null,"reqId_vivas":null,"cacheFrom":null,"systemId":"84966878997-5a65a68e89de54","source":"API","optString":"{\"vinaphone\":{\"labelId\":\"0\",\"tmpId\":\"0\"}}","extenInfo":"118.70.109.34|api.brand1.xyz:9983-118.70.109.34"}
26-02-2018 11:11:25 [ERROR] htc.ahp.brand.entity.rest.RequestMessage:55 - 2018-02-26 11:11:25.762||Unrecognized field "unicode" (class com.gk.htc.ahp.brand.entity.rest.RequestMessage), not marked as ignorable (10 known properties: "pass", "brandName", "sendTime", "tranId", "ip", "mess", "user", "phone", "encode", "host"])
 at [Source: (String)"{"tranId":"LopCEO124xz-84914752321-248677857112718","brandName":"LopCEO124xz","pass":"kdKeS#03942@kjsalwe","phone":"84914752321","unicode":0,"mess":"LopCEO124xz:\"tin nh\u1EAFn c\u00F3 d\u1EA5u \"248677857097322","user":"myname","sendTime":""}"; line: 1, column: 141] (through reference chain: com.gk.htc.ahp.brand.entity.rest.RequestMessage["unicode"])
com.fasterxml.jackson.databind.exc.UnrecognizedPropertyException.from(UnrecognizedPropertyException.java:60)
com.fasterxml.jackson.databind.DeserializationContext.handleUnknownProperty(DeserializationContext.java:822)
com.fasterxml.jackson.databind.deser.std.StdDeserializer.handleUnknownProperty(StdDeserializer.java:1152)
com.fasterxml.jackson.databind.deser.BeanDeserializerBase.handleUnknownProperty(BeanDeserializerBase.java:1582)
com.fasterxml.jackson.databind.deser.BeanDeserializerBase.handleUnknownVanilla(BeanDeserializerBase.java:1560)
com.fasterxml.jackson.databind.deser.BeanDeserializer.vanillaDeserialize(BeanDeserializer.java:294)
com.fasterxml.jackson.databind.deser.BeanDeserializer.deserialize(BeanDeserializer.java:151)
com.fasterxml.jackson.databind.ObjectMapper._readMapAndClose(ObjectMapper.java:4001)
com.fasterxml.jackson.databind.ObjectMapper.readValue(ObjectMapper.java:2992)
com.gk.htc.ahp.brand.entity.rest.RequestMessage.toObject(RequestMessage.java:53)
com.gk.htc.ahp.brand.resource.http.MyService.doPostJson(MyService.java:43)
sun.reflect.NativeMethodAccessorImpl.invoke0(Native Method)
sun.reflect.NativeMethodAccessorImpl.invoke(NativeMethodAccessorImpl.java:62)
sun.reflect.DelegatingMethodAccessorImpl.invoke(DelegatingMethodAccessorImpl.java:43)
java.lang.reflect.Method.invoke(Method.java:498)
com.sun.jersey.spi.container.JavaMethodInvokerFactory$1.invoke(JavaMethodInvokerFactory.java:60)
com.sun.jersey.server.impl.model.method.dispatch.AbstractResourceMethodDispatchProvider$ResponseOutInvoker._dispatch(AbstractResourceMethodDispatchProvider.java:205)
com.sun.jersey.server.impl.model.method.dispatch.ResourceJavaMethodDispatcher.dispatch(ResourceJavaMethodDispatcher.java:75)
com.sun.jersey.server.impl.uri.rules.HttpMethodRule.accept(HttpMethodRule.java:302)
com.sun.jersey.server.impl.uri.rules.ResourceClassRule.accept(ResourceClassRule.java:108)
com.sun.jersey.server.impl.uri.rules.RightHandPathRule.accept(RightHandPathRule.java:147)
com.sun.jersey.server.impl.uri.rules.RootResourceClassesRule.accept(RootResourceClassesRule.java:84)
com.sun.jersey.server.impl.application.WebApplicationImpl._handleRequest(WebApplicationImpl.java:1542)
com.sun.jersey.server.impl.application.WebApplicationImpl._handleRequest(WebApplicationImpl.java:1473)
com.sun.jersey.server.impl.application.WebApplicationImpl.handleRequest(WebApplicationImpl.java:1419)
com.sun.jersey.server.impl.application.WebApplicationImpl.handleRequest(WebApplicationImpl.java:1409)
com.sun.jersey.spi.container.servlet.WebComponent.service(WebComponent.java:409)
com.sun.jersey.spi.container.servlet.ServletContainer.service(ServletContainer.java:558)
com.sun.jersey.spi.container.servlet.ServletContainer.service(ServletContainer.java:733)
javax.servlet.http.HttpServlet.service(HttpServlet.java:820)
org.mortbay.jetty.servlet.ServletHolder.handle(ServletHolder.java:511)
org.mortbay.jetty.servlet.ServletHandler.handle(ServletHandler.java:401)
org.mortbay.jetty.servlet.SessionHandler.handle(SessionHandler.java:182)
org.mortbay.jetty.handler.ContextHandler.handle(ContextHandler.java:766)
org.mortbay.jetty.handler.HandlerWrapper.handle(HandlerWrapper.java:152)
org.mortbay.jetty.Server.handle(Server.java:326)
org.mortbay.jetty.HttpConnection.handleRequest(HttpConnection.java:542)
org.mortbay.jetty.HttpConnection$RequestHandler.content(HttpConnection.java:945)
org.mortbay.jetty.HttpParser.parseNext(HttpParser.java:756)
org.mortbay.jetty.HttpParser.parseAvailable(HttpParser.java:218)
org.mortbay.jetty.HttpConnection.handle(HttpConnection.java:404)
org.mortbay.jetty.bio.SocketConnector$Connection.run(SocketConnector.java:228)
org.mortbay.thread.QueuedThreadPool$PoolThread.run(QueuedThreadPool.java:582)

26-02-2018 11:11:30 [ERROR] htc.ahp.brand.entity.rest.RequestMessage:55 - 2018-02-26 11:11:30.034||Unrecognized field "unicode" (class com.gk.htc.ahp.brand.entity.rest.RequestMessage), not marked as ignorable (10 known properties: "pass", "brandName", "sendTime", "tranId", "ip", "mess", "user", "phone", "encode", "host"])
 at [Source: (String)"{"tranId":"LopCEO124xz-84914752321-248682241791701","brandName":"LopCEO124xz","pass":"kdKeS#03942@kjsalwe","phone":"84914752321","unicode":0,"mess":"LopCEO124xz:\"tin nh\u1EAFn c\u00F3 d\u1EA5u \"248682241775736","user":"myname","sendTime":""}"; line: 1, column: 141] (through reference chain: com.gk.htc.ahp.brand.entity.rest.RequestMessage["unicode"])
com.fasterxml.jackson.databind.exc.UnrecognizedPropertyException.from(UnrecognizedPropertyException.java:60)
com.fasterxml.jackson.databind.DeserializationContext.handleUnknownProperty(DeserializationContext.java:822)
com.fasterxml.jackson.databind.deser.std.StdDeserializer.handleUnknownProperty(StdDeserializer.java:1152)
com.fasterxml.jackson.databind.deser.BeanDeserializerBase.handleUnknownProperty(BeanDeserializerBase.java:1582)
com.fasterxml.jackson.databind.deser.BeanDeserializerBase.handleUnknownVanilla(BeanDeserializerBase.java:1560)
com.fasterxml.jackson.databind.deser.BeanDeserializer.vanillaDeserialize(BeanDeserializer.java:294)
com.fasterxml.jackson.databind.deser.BeanDeserializer.deserialize(BeanDeserializer.java:151)
com.fasterxml.jackson.databind.ObjectMapper._readMapAndClose(ObjectMapper.java:4001)
com.fasterxml.jackson.databind.ObjectMapper.readValue(ObjectMapper.java:2992)
com.gk.htc.ahp.brand.entity.rest.RequestMessage.toObject(RequestMessage.java:53)
com.gk.htc.ahp.brand.resource.http.MyService.doPostJson(MyService.java:43)
sun.reflect.NativeMethodAccessorImpl.invoke0(Native Method)
sun.reflect.NativeMethodAccessorImpl.invoke(NativeMethodAccessorImpl.java:62)
sun.reflect.DelegatingMethodAccessorImpl.invoke(DelegatingMethodAccessorImpl.java:43)
java.lang.reflect.Method.invoke(Method.java:498)
com.sun.jersey.spi.container.JavaMethodInvokerFactory$1.invoke(JavaMethodInvokerFactory.java:60)
com.sun.jersey.server.impl.model.method.dispatch.AbstractResourceMethodDispatchProvider$ResponseOutInvoker._dispatch(AbstractResourceMethodDispatchProvider.java:205)
com.sun.jersey.server.impl.model.method.dispatch.ResourceJavaMethodDispatcher.dispatch(ResourceJavaMethodDispatcher.java:75)
com.sun.jersey.server.impl.uri.rules.HttpMethodRule.accept(HttpMethodRule.java:302)
com.sun.jersey.server.impl.uri.rules.ResourceClassRule.accept(ResourceClassRule.java:108)
com.sun.jersey.server.impl.uri.rules.RightHandPathRule.accept(RightHandPathRule.java:147)
com.sun.jersey.server.impl.uri.rules.RootResourceClassesRule.accept(RootResourceClassesRule.java:84)
com.sun.jersey.server.impl.application.WebApplicationImpl._handleRequest(WebApplicationImpl.java:1542)
com.sun.jersey.server.impl.application.WebApplicationImpl._handleRequest(WebApplicationImpl.java:1473)
com.sun.jersey.server.impl.application.WebApplicationImpl.handleRequest(WebApplicationImpl.java:1419)
com.sun.jersey.server.impl.application.WebApplicationImpl.handleRequest(WebApplicationImpl.java:1409)
com.sun.jersey.spi.container.servlet.WebComponent.service(WebComponent.java:409)
com.sun.jersey.spi.container.servlet.ServletContainer.service(ServletContainer.java:558)
com.sun.jersey.spi.container.servlet.ServletContainer.service(ServletContainer.java:733)
javax.servlet.http.HttpServlet.service(HttpServlet.java:820)
org.mortbay.jetty.servlet.ServletHolder.handle(ServletHolder.java:511)
org.mortbay.jetty.servlet.ServletHandler.handle(ServletHandler.java:401)
org.mortbay.jetty.servlet.SessionHandler.handle(SessionHandler.java:182)
org.mortbay.jetty.handler.ContextHandler.handle(ContextHandler.java:766)
org.mortbay.jetty.handler.HandlerWrapper.handle(HandlerWrapper.java:152)
org.mortbay.jetty.Server.handle(Server.java:326)
org.mortbay.jetty.HttpConnection.handleRequest(HttpConnection.java:542)
org.mortbay.jetty.HttpConnection$RequestHandler.content(HttpConnection.java:945)
org.mortbay.jetty.HttpParser.parseNext(HttpParser.java:756)
org.mortbay.jetty.HttpParser.parseAvailable(HttpParser.java:218)
org.mortbay.jetty.HttpConnection.handle(HttpConnection.java:404)
org.mortbay.jetty.bio.SocketConnector$Connection.run(SocketConnector.java:228)
org.mortbay.thread.QueuedThreadPool$PoolThread.run(QueuedThreadPool.java:582)

26-02-2018 11:11:47 [INFO ] REQUEST_LOG:23 - {"id":0,"phone":"84914752321","oper":"GPC","message":"LopCEO124xz:\"tin nhắn có dấu \"248699942695581","totalSms":1,"label":"LopCEO124xz","userSender":"myname","requestTime":1519618307746,"timeSend":null,"result":11,"type":0,"errorInfo":"Message Has Unicode Charactor","tranId":"LopCEO124xz-84914752321-248699942711261","messageId":null,"sendTo":null,"brGroup":null,"sarMsgRefNum":0,"sarSegmentSeqnum":0,"sarTotalSegments":0,"processTime":5,"providerDesc":null,"node":"NODE_3","cpCode":"MYNAME","retry":0,"shutDown":false,"dataEndCode":0,"timeOut":false,"startTime":0,"list_messageId":null,"reqId_vivas":null,"cacheFrom":null,"systemId":"84914752321-5a669731413315","source":"API","optString":null,"extenInfo":"118.70.109.34|api.brand1.xyz:9983-118.70.109.34"}
26-02-2018 11:11:57 [ERROR] htc.ahp.brand.entity.rest.RequestMessage:55 - 2018-02-26 11:11:57.942||Unrecognized field "unicode" (class com.gk.htc.ahp.brand.entity.rest.RequestMessage), not marked as ignorable (10 known properties: "pass", "brandName", "sendTime", "tranId", "ip", "mess", "user", "phone", "encode", "host"])
 at [Source: (String)"{"tranId":"LopCEO124xz-84914752321-248710148722412","brandName":"LopCEO124xz","pass":"kdKeS#03942@kjsalwe","phone":"84914752321","unicode":0,"mess":"LopCEO124xz:\"tin nh\u1EAFn c\u00F3 d\u1EA5u \"248710148708157","user":"myname","sendTime":""}"; line: 1, column: 141] (through reference chain: com.gk.htc.ahp.brand.entity.rest.RequestMessage["unicode"])
com.fasterxml.jackson.databind.exc.UnrecognizedPropertyException.from(UnrecognizedPropertyException.java:60)
com.fasterxml.jackson.databind.DeserializationContext.handleUnknownProperty(DeserializationContext.java:822)
com.fasterxml.jackson.databind.deser.std.StdDeserializer.handleUnknownProperty(StdDeserializer.java:1152)
com.fasterxml.jackson.databind.deser.BeanDeserializerBase.handleUnknownProperty(BeanDeserializerBase.java:1582)
com.fasterxml.jackson.databind.deser.BeanDeserializerBase.handleUnknownVanilla(BeanDeserializerBase.java:1560)
com.fasterxml.jackson.databind.deser.BeanDeserializer.vanillaDeserialize(BeanDeserializer.java:294)
com.fasterxml.jackson.databind.deser.BeanDeserializer.deserialize(BeanDeserializer.java:151)
com.fasterxml.jackson.databind.ObjectMapper._readMapAndClose(ObjectMapper.java:4001)
com.fasterxml.jackson.databind.ObjectMapper.readValue(ObjectMapper.java:2992)
com.gk.htc.ahp.brand.entity.rest.RequestMessage.toObject(RequestMessage.java:53)
com.gk.htc.ahp.brand.resource.http.MyService.doPostJson(MyService.java:43)
sun.reflect.NativeMethodAccessorImpl.invoke0(Native Method)
sun.reflect.NativeMethodAccessorImpl.invoke(NativeMethodAccessorImpl.java:62)
sun.reflect.DelegatingMethodAccessorImpl.invoke(DelegatingMethodAccessorImpl.java:43)
java.lang.reflect.Method.invoke(Method.java:498)
com.sun.jersey.spi.container.JavaMethodInvokerFactory$1.invoke(JavaMethodInvokerFactory.java:60)
com.sun.jersey.server.impl.model.method.dispatch.AbstractResourceMethodDispatchProvider$ResponseOutInvoker._dispatch(AbstractResourceMethodDispatchProvider.java:205)
com.sun.jersey.server.impl.model.method.dispatch.ResourceJavaMethodDispatcher.dispatch(ResourceJavaMethodDispatcher.java:75)
com.sun.jersey.server.impl.uri.rules.HttpMethodRule.accept(HttpMethodRule.java:302)
com.sun.jersey.server.impl.uri.rules.ResourceClassRule.accept(ResourceClassRule.java:108)
com.sun.jersey.server.impl.uri.rules.RightHandPathRule.accept(RightHandPathRule.java:147)
com.sun.jersey.server.impl.uri.rules.RootResourceClassesRule.accept(RootResourceClassesRule.java:84)
com.sun.jersey.server.impl.application.WebApplicationImpl._handleRequest(WebApplicationImpl.java:1542)
com.sun.jersey.server.impl.application.WebApplicationImpl._handleRequest(WebApplicationImpl.java:1473)
com.sun.jersey.server.impl.application.WebApplicationImpl.handleRequest(WebApplicationImpl.java:1419)
com.sun.jersey.server.impl.application.WebApplicationImpl.handleRequest(WebApplicationImpl.java:1409)
com.sun.jersey.spi.container.servlet.WebComponent.service(WebComponent.java:409)
com.sun.jersey.spi.container.servlet.ServletContainer.service(ServletContainer.java:558)
com.sun.jersey.spi.container.servlet.ServletContainer.service(ServletContainer.java:733)
javax.servlet.http.HttpServlet.service(HttpServlet.java:820)
org.mortbay.jetty.servlet.ServletHolder.handle(ServletHolder.java:511)
org.mortbay.jetty.servlet.ServletHandler.handle(ServletHandler.java:401)
org.mortbay.jetty.servlet.SessionHandler.handle(SessionHandler.java:182)
org.mortbay.jetty.handler.ContextHandler.handle(ContextHandler.java:766)
org.mortbay.jetty.handler.HandlerWrapper.handle(HandlerWrapper.java:152)
org.mortbay.jetty.Server.handle(Server.java:326)
org.mortbay.jetty.HttpConnection.handleRequest(HttpConnection.java:542)
org.mortbay.jetty.HttpConnection$RequestHandler.content(HttpConnection.java:945)
org.mortbay.jetty.HttpParser.parseNext(HttpParser.java:756)
org.mortbay.jetty.HttpParser.parseAvailable(HttpParser.java:218)
org.mortbay.jetty.HttpConnection.handle(HttpConnection.java:404)
org.mortbay.jetty.bio.SocketConnector$Connection.run(SocketConnector.java:228)
org.mortbay.thread.QueuedThreadPool$PoolThread.run(QueuedThreadPool.java:582)

26-02-2018 11:12:30 [ERROR] htc.ahp.brand.entity.rest.RequestMessage:55 - 2018-02-26 11:12:30.8||Unrecognized field "unicode" (class com.gk.htc.ahp.brand.entity.rest.RequestMessage), not marked as ignorable (10 known properties: "pass", "brandName", "sendTime", "tranId", "ip", "mess", "user", "phone", "encode", "host"])
 at [Source: (String)"{"tranId":"LopCEO124xz-84914752321-248742987017426","brandName":"LopCEO124xz","pass":"kdKeS#03942@kjsalwe","phone":"84914752321","unicode":1,"mess":"LopCEO124xz:\"tin nh\u1EAFn c\u00F3 d\u1EA5u \"248742987000890","user":"myname","sendTime":""}"; line: 1, column: 141] (through reference chain: com.gk.htc.ahp.brand.entity.rest.RequestMessage["unicode"])
com.fasterxml.jackson.databind.exc.UnrecognizedPropertyException.from(UnrecognizedPropertyException.java:60)
com.fasterxml.jackson.databind.DeserializationContext.handleUnknownProperty(DeserializationContext.java:822)
com.fasterxml.jackson.databind.deser.std.StdDeserializer.handleUnknownProperty(StdDeserializer.java:1152)
com.fasterxml.jackson.databind.deser.BeanDeserializerBase.handleUnknownProperty(BeanDeserializerBase.java:1582)
com.fasterxml.jackson.databind.deser.BeanDeserializerBase.handleUnknownVanilla(BeanDeserializerBase.java:1560)
com.fasterxml.jackson.databind.deser.BeanDeserializer.vanillaDeserialize(BeanDeserializer.java:294)
com.fasterxml.jackson.databind.deser.BeanDeserializer.deserialize(BeanDeserializer.java:151)
com.fasterxml.jackson.databind.ObjectMapper._readMapAndClose(ObjectMapper.java:4001)
com.fasterxml.jackson.databind.ObjectMapper.readValue(ObjectMapper.java:2992)
com.gk.htc.ahp.brand.entity.rest.RequestMessage.toObject(RequestMessage.java:53)
com.gk.htc.ahp.brand.resource.http.MyService.doPostJson(MyService.java:43)
sun.reflect.NativeMethodAccessorImpl.invoke0(Native Method)
sun.reflect.NativeMethodAccessorImpl.invoke(NativeMethodAccessorImpl.java:62)
sun.reflect.DelegatingMethodAccessorImpl.invoke(DelegatingMethodAccessorImpl.java:43)
java.lang.reflect.Method.invoke(Method.java:498)
com.sun.jersey.spi.container.JavaMethodInvokerFactory$1.invoke(JavaMethodInvokerFactory.java:60)
com.sun.jersey.server.impl.model.method.dispatch.AbstractResourceMethodDispatchProvider$ResponseOutInvoker._dispatch(AbstractResourceMethodDispatchProvider.java:205)
com.sun.jersey.server.impl.model.method.dispatch.ResourceJavaMethodDispatcher.dispatch(ResourceJavaMethodDispatcher.java:75)
com.sun.jersey.server.impl.uri.rules.HttpMethodRule.accept(HttpMethodRule.java:302)
com.sun.jersey.server.impl.uri.rules.ResourceClassRule.accept(ResourceClassRule.java:108)
com.sun.jersey.server.impl.uri.rules.RightHandPathRule.accept(RightHandPathRule.java:147)
com.sun.jersey.server.impl.uri.rules.RootResourceClassesRule.accept(RootResourceClassesRule.java:84)
com.sun.jersey.server.impl.application.WebApplicationImpl._handleRequest(WebApplicationImpl.java:1542)
com.sun.jersey.server.impl.application.WebApplicationImpl._handleRequest(WebApplicationImpl.java:1473)
com.sun.jersey.server.impl.application.WebApplicationImpl.handleRequest(WebApplicationImpl.java:1419)
com.sun.jersey.server.impl.application.WebApplicationImpl.handleRequest(WebApplicationImpl.java:1409)
com.sun.jersey.spi.container.servlet.WebComponent.service(WebComponent.java:409)
com.sun.jersey.spi.container.servlet.ServletContainer.service(ServletContainer.java:558)
com.sun.jersey.spi.container.servlet.ServletContainer.service(ServletContainer.java:733)
javax.servlet.http.HttpServlet.service(HttpServlet.java:820)
org.mortbay.jetty.servlet.ServletHolder.handle(ServletHolder.java:511)
org.mortbay.jetty.servlet.ServletHandler.handle(ServletHandler.java:401)
org.mortbay.jetty.servlet.SessionHandler.handle(SessionHandler.java:182)
org.mortbay.jetty.handler.ContextHandler.handle(ContextHandler.java:766)
org.mortbay.jetty.handler.HandlerWrapper.handle(HandlerWrapper.java:152)
org.mortbay.jetty.Server.handle(Server.java:326)
org.mortbay.jetty.HttpConnection.handleRequest(HttpConnection.java:542)
org.mortbay.jetty.HttpConnection$RequestHandler.content(HttpConnection.java:945)
org.mortbay.jetty.HttpParser.parseNext(HttpParser.java:756)
org.mortbay.jetty.HttpParser.parseAvailable(HttpParser.java:218)
org.mortbay.jetty.HttpConnection.handle(HttpConnection.java:404)
org.mortbay.jetty.bio.SocketConnector$Connection.run(SocketConnector.java:228)
org.mortbay.thread.QueuedThreadPool$PoolThread.run(QueuedThreadPool.java:582)

26-02-2018 11:14:11 [INFO ] org.mortbay.log:67 - Stopped SocketConnector@0.0.0.0:9983
26-02-2018 11:14:44 [INFO ] snaq.db.ConnectionPoolManager:591 - Loaded ConnectionPoolManager properties with encoding UTF-8
26-02-2018 11:14:44 [WARN ] snaq.db.ConnectionPoolManager.brand:1327 - brand: Invalid releaseTimeout value null for brand
26-02-2018 11:14:44 [INFO ] snaq.db.ConnectionPoolManager.brand:1352 - brand: Disabling caching on pool brand
26-02-2018 11:14:44 [INFO ] snaq.db.ConnectionPoolManager.brand:1352 - brand: Enabling release timeout (0ms) on pool brand
26-02-2018 11:14:44 [INFO ] snaq.db.ConnectionPoolManager.brand:1352 - brand: Created pool brand (minpool=10,maxpool=100,maxsize=100,idleTimeout=180)
26-02-2018 11:14:45 [INFO ] gk.htc.ahp.brand.app.AppStart:357 - This App Service not allow Notify Alert
26-02-2018 11:14:45 [INFO ] org.mortbay.log:67 - Logging to org.slf4j.impl.Log4jLoggerAdapter(org.mortbay.log) via org.mortbay.log.Slf4jLog
26-02-2018 11:14:45 [INFO ] org.mortbay.log:67 - jetty-6.1.26
26-02-2018 11:14:45 [INFO ] org.mortbay.log:67 - Started SocketConnector@0.0.0.0:9983
26-02-2018 11:15:04 [INFO ] REQUEST_LOG:23 - {"id":0,"phone":"84914752321","oper":"GPC","message":"LopCEO124xz:\"tin nhắn có dấu \"248896472067381","totalSms":1,"label":"LopCEO124xz","userSender":"myname","requestTime":1519618504447,"timeSend":null,"result":7,"type":0,"errorInfo":"Brand not Active |br=LopCEO124xz","tranId":"LopCEO124xz-84914752321-248896472081351","messageId":null,"sendTo":null,"brGroup":null,"sarMsgRefNum":0,"sarSegmentSeqnum":0,"sarTotalSegments":0,"processTime":178,"providerDesc":null,"node":"NODE_3","cpCode":"MYNAME","retry":0,"shutDown":false,"dataEndCode":1,"timeOut":false,"startTime":0,"list_messageId":null,"reqId_vivas":null,"cacheFrom":null,"systemId":"84914752321-5a66c4fdb73bc5","source":"API","optString":null,"extenInfo":"118.70.109.34|api.brand1.xyz:9983-118.70.109.34"}
26-02-2018 14:22:33 [ERROR] htc.ahp.brand.entity.rest.RequestMessage:55 - 2018-02-26 14:22:33.817||Unrecognized field "dataEncode" (class com.gk.htc.ahp.brand.entity.rest.RequestMessage), not marked as ignorable (10 known properties: "pass", "brandName", "sendTime", "tranId", "ip", "mess", "user", "unicode", "phone", "host"])
 at [Source: (String)"{"tranId":"LopCEO124xz-84914752321-260145791537564","brandName":"LopCEO124xz","pass":"kdKeS#03942@kjsalwe","phone":"84914752321","mess":"LopCEO124xz:\"tin nh\u1EAFn c\u00F3 d\u1EA5u \"260145791520458","user":"myname","dataEncode":1,"sendTime":""}"; line: 1, column: 232] (through reference chain: com.gk.htc.ahp.brand.entity.rest.RequestMessage["dataEncode"])
com.fasterxml.jackson.databind.exc.UnrecognizedPropertyException.from(UnrecognizedPropertyException.java:60)
com.fasterxml.jackson.databind.DeserializationContext.handleUnknownProperty(DeserializationContext.java:822)
com.fasterxml.jackson.databind.deser.std.StdDeserializer.handleUnknownProperty(StdDeserializer.java:1152)
com.fasterxml.jackson.databind.deser.BeanDeserializerBase.handleUnknownProperty(BeanDeserializerBase.java:1582)
com.fasterxml.jackson.databind.deser.BeanDeserializerBase.handleUnknownVanilla(BeanDeserializerBase.java:1560)
com.fasterxml.jackson.databind.deser.BeanDeserializer.vanillaDeserialize(BeanDeserializer.java:294)
com.fasterxml.jackson.databind.deser.BeanDeserializer.deserialize(BeanDeserializer.java:151)
com.fasterxml.jackson.databind.ObjectMapper._readMapAndClose(ObjectMapper.java:4001)
com.fasterxml.jackson.databind.ObjectMapper.readValue(ObjectMapper.java:2992)
com.gk.htc.ahp.brand.entity.rest.RequestMessage.toObject(RequestMessage.java:53)
com.gk.htc.ahp.brand.resource.http.MyService.doPostJson(MyService.java:43)
sun.reflect.NativeMethodAccessorImpl.invoke0(Native Method)
sun.reflect.NativeMethodAccessorImpl.invoke(NativeMethodAccessorImpl.java:62)
sun.reflect.DelegatingMethodAccessorImpl.invoke(DelegatingMethodAccessorImpl.java:43)
java.lang.reflect.Method.invoke(Method.java:498)
com.sun.jersey.spi.container.JavaMethodInvokerFactory$1.invoke(JavaMethodInvokerFactory.java:60)
com.sun.jersey.server.impl.model.method.dispatch.AbstractResourceMethodDispatchProvider$ResponseOutInvoker._dispatch(AbstractResourceMethodDispatchProvider.java:205)
com.sun.jersey.server.impl.model.method.dispatch.ResourceJavaMethodDispatcher.dispatch(ResourceJavaMethodDispatcher.java:75)
com.sun.jersey.server.impl.uri.rules.HttpMethodRule.accept(HttpMethodRule.java:302)
com.sun.jersey.server.impl.uri.rules.ResourceClassRule.accept(ResourceClassRule.java:108)
com.sun.jersey.server.impl.uri.rules.RightHandPathRule.accept(RightHandPathRule.java:147)
com.sun.jersey.server.impl.uri.rules.RootResourceClassesRule.accept(RootResourceClassesRule.java:84)
com.sun.jersey.server.impl.application.WebApplicationImpl._handleRequest(WebApplicationImpl.java:1542)
com.sun.jersey.server.impl.application.WebApplicationImpl._handleRequest(WebApplicationImpl.java:1473)
com.sun.jersey.server.impl.application.WebApplicationImpl.handleRequest(WebApplicationImpl.java:1419)
com.sun.jersey.server.impl.application.WebApplicationImpl.handleRequest(WebApplicationImpl.java:1409)
com.sun.jersey.spi.container.servlet.WebComponent.service(WebComponent.java:409)
com.sun.jersey.spi.container.servlet.ServletContainer.service(ServletContainer.java:558)
com.sun.jersey.spi.container.servlet.ServletContainer.service(ServletContainer.java:733)
javax.servlet.http.HttpServlet.service(HttpServlet.java:820)
org.mortbay.jetty.servlet.ServletHolder.handle(ServletHolder.java:511)
org.mortbay.jetty.servlet.ServletHandler.handle(ServletHandler.java:401)
org.mortbay.jetty.servlet.SessionHandler.handle(SessionHandler.java:182)
org.mortbay.jetty.handler.ContextHandler.handle(ContextHandler.java:766)
org.mortbay.jetty.handler.HandlerWrapper.handle(HandlerWrapper.java:152)
org.mortbay.jetty.Server.handle(Server.java:326)
org.mortbay.jetty.HttpConnection.handleRequest(HttpConnection.java:542)
org.mortbay.jetty.HttpConnection$RequestHandler.content(HttpConnection.java:945)
org.mortbay.jetty.HttpParser.parseNext(HttpParser.java:756)
org.mortbay.jetty.HttpParser.parseAvailable(HttpParser.java:218)
org.mortbay.jetty.HttpConnection.handle(HttpConnection.java:404)
org.mortbay.jetty.bio.SocketConnector$Connection.run(SocketConnector.java:228)
org.mortbay.thread.QueuedThreadPool$PoolThread.run(QueuedThreadPool.java:582)

26-02-2018 14:32:31 [INFO ] org.mortbay.log:67 - Stopped SocketConnector@0.0.0.0:9983
26-02-2018 14:33:17 [INFO ] snaq.db.ConnectionPoolManager:591 - Loaded ConnectionPoolManager properties with encoding UTF-8
26-02-2018 14:33:17 [WARN ] snaq.db.ConnectionPoolManager.brand:1327 - brand: Invalid releaseTimeout value null for brand
26-02-2018 14:33:17 [INFO ] snaq.db.ConnectionPoolManager.brand:1352 - brand: Disabling caching on pool brand
26-02-2018 14:33:17 [INFO ] snaq.db.ConnectionPoolManager.brand:1352 - brand: Enabling release timeout (0ms) on pool brand
26-02-2018 14:33:17 [INFO ] snaq.db.ConnectionPoolManager.brand:1352 - brand: Created pool brand (minpool=10,maxpool=100,maxsize=100,idleTimeout=180)
26-02-2018 14:33:18 [INFO ] gk.htc.ahp.brand.app.AppStart:357 - This App Service not allow Notify Alert
26-02-2018 14:33:18 [INFO ] org.mortbay.log:67 - Logging to org.slf4j.impl.Log4jLoggerAdapter(org.mortbay.log) via org.mortbay.log.Slf4jLog
26-02-2018 14:33:18 [INFO ] org.mortbay.log:67 - jetty-6.1.26
26-02-2018 14:33:19 [INFO ] org.mortbay.log:67 - Started SocketConnector@0.0.0.0:9983
26-02-2018 14:33:25 [INFO ] REQUEST_LOG:23 - {"id":0,"phone":"84914752321","oper":"GPC","message":"LopCEO124xz:\"tin nhắn có dấu \"260796730943667","totalSms":1,"label":"LopCEO124xz","userSender":"myname","requestTime":1519630405082,"timeSend":null,"result":7,"type":0,"errorInfo":"Brand not Active |br=LopCEO124xz","tranId":"LopCEO124xz-84914752321-260796730967331","messageId":null,"sendTo":null,"brGroup":null,"sarMsgRefNum":0,"sarSegmentSeqnum":0,"sarTotalSegments":0,"processTime":180,"providerDesc":null,"node":"NODE_3","cpCode":"MYNAME","retry":0,"shutDown":false,"dataEncode":1,"timeOut":false,"startTime":0,"list_messageId":null,"reqId_vivas":null,"cacheFrom":null,"systemId":"84914752321-5a7197d2d833f3","source":"API","optString":null,"extenInfo":"118.70.109.34|api.brand1.xyz:9983-118.70.109.34"}
26-02-2018 15:07:28 [INFO ] REQUEST_LOG:23 - {"id":0,"phone":"84","oper":"OTHER","message":"","totalSms":0,"label":"","userSender":"","requestTime":1519632448195,"timeSend":null,"result":6,"type":0,"errorInfo":"Authentication login failure |u=|p=","tranId":"","messageId":null,"sendTo":null,"brGroup":null,"sarMsgRefNum":0,"sarSegmentSeqnum":0,"sarTotalSegments":0,"processTime":2,"providerDesc":null,"node":"NODE_3","cpCode":null,"retry":0,"shutDown":false,"dataEncode":0,"timeOut":false,"startTime":0,"list_messageId":null,"reqId_vivas":null,"cacheFrom":null,"systemId":"84-5a737385b4309a","source":"API","optString":null,"extenInfo":null}
26-02-2018 15:08:11 [INFO ] REQUEST_LOG:23 - {"id":0,"phone":"84","oper":"OTHER","message":"","totalSms":0,"label":"","userSender":"","requestTime":1519632491859,"timeSend":null,"result":6,"type":0,"errorInfo":"Authentication login failure |u=|p=","tranId":"","messageId":null,"sendTo":null,"brGroup":null,"sarMsgRefNum":0,"sarSegmentSeqnum":0,"sarTotalSegments":0,"processTime":0,"providerDesc":null,"node":"NODE_3","cpCode":null,"retry":0,"shutDown":false,"dataEncode":0,"timeOut":false,"startTime":0,"list_messageId":null,"reqId_vivas":null,"cacheFrom":null,"systemId":"84-5a737db04787cb","source":"API","optString":null,"extenInfo":null}
26-02-2018 15:08:43 [INFO ] REQUEST_LOG:23 - {"id":0,"phone":"84","oper":"OTHER","message":"","totalSms":0,"label":"","userSender":"","requestTime":1519632523531,"timeSend":null,"result":6,"type":0,"errorInfo":"Authentication login failure |u=|p=","tranId":"","messageId":null,"sendTo":null,"brGroup":null,"sarMsgRefNum":0,"sarSegmentSeqnum":0,"sarTotalSegments":0,"processTime":0,"providerDesc":null,"node":"NODE_3","cpCode":null,"retry":0,"shutDown":false,"dataEncode":0,"timeOut":false,"startTime":0,"list_messageId":null,"reqId_vivas":null,"cacheFrom":null,"systemId":"84-5a73851016df5b","source":"API","optString":null,"extenInfo":null}
26-02-2018 15:09:38 [INFO ] REQUEST_LOG:23 - {"id":0,"phone":"84914752321","oper":"GPC","message":"LopCEO124tieng viet khong dau262970199694202","totalSms":1,"label":"LopCEO124","userSender":"myname","requestTime":1519632578103,"timeSend":null,"result":99,"type":0,"errorInfo":"RECEIVED","tranId":"LopCEO124-84914752321-262970199707887","messageId":null,"sendTo":"DEV_VNPT_MEDIA","brGroup":"N5","sarMsgRefNum":0,"sarSegmentSeqnum":0,"sarTotalSegments":0,"processTime":9,"providerDesc":null,"node":"NODE_3","cpCode":"MYNAME","retry":0,"shutDown":false,"dataEncode":0,"timeOut":false,"startTime":0,"list_messageId":null,"reqId_vivas":null,"cacheFrom":null,"systemId":"84914752321-5a7391c4d9e0b1","source":"API","optString":"{\"vinaphone\":{\"labelId\":\"0\",\"tmpId\":\"0\"}}","extenInfo":null}
26-02-2018 15:09:38 [INFO ] SUBMIT_LOG:30 - {"id":0,"phone":"84914752321","oper":"GPC","message":"LopCEO124tieng viet khong dau262970199694202","totalSms":1,"label":"LopCEO124","userSender":"myname","requestTime":1519632578103,"timeSend":1519632578123,"result":1,"type":0,"errorInfo":"SUBMITTED : requestId SMS là : 433879419","tranId":"LopCEO124-84914752321-262970199707887","messageId":null,"sendTo":"DEV_VNPT_MEDIA","brGroup":"N5","sarMsgRefNum":0,"sarSegmentSeqnum":0,"sarTotalSegments":0,"processTime":241,"providerDesc":null,"node":"NODE_3","cpCode":"MYNAME","retry":0,"shutDown":false,"dataEncode":0,"timeOut":false,"startTime":0,"list_messageId":null,"reqId_vivas":null,"cacheFrom":null,"systemId":"84914752321-5a7391c4d9e0b1","source":"API","optString":"{\"vinaphone\":{\"labelId\":\"0\",\"tmpId\":\"0\"}}","extenInfo":null}
26-02-2018 15:16:10 [INFO ] REQUEST_LOG:23 - {"id":0,"phone":"84932343725","oper":"VMS","message":"LPBtieng viet khong dau263362429229763","totalSms":1,"label":"LPB","userSender":"myname","requestTime":1519632970342,"timeSend":null,"result":99,"type":0,"errorInfo":"RECEIVED","tranId":"LPB-84932343725-263362429243448","messageId":null,"sendTo":"ANTIT","brGroup":"0","sarMsgRefNum":0,"sarSegmentSeqnum":0,"sarTotalSegments":0,"processTime":2,"providerDesc":null,"node":"NODE_3","cpCode":"MYNAME","retry":0,"shutDown":false,"dataEncode":0,"timeOut":false,"startTime":0,"list_messageId":null,"reqId_vivas":null,"cacheFrom":null,"systemId":"84932343725-5a73ed18194508","source":"API","optString":"{\"vinaphone\":{\"labelId\":\"0\",\"tmpId\":\"0\"}}","extenInfo":null}
26-02-2018 15:16:10 [INFO ] SUBMIT_LOG:30 - {"id":0,"phone":"84932343725","oper":"VMS","message":"LPBtieng viet khong dau263362429229763","totalSms":1,"label":"LPB","userSender":"myname","requestTime":1519632970342,"timeSend":1519632970347,"result":301,"type":0,"errorInfo":"WRONG BRAND NAME","tranId":"LPB-84932343725-263362429243448","messageId":null,"sendTo":"ANTIT","brGroup":"0","sarMsgRefNum":0,"sarSegmentSeqnum":0,"sarTotalSegments":0,"processTime":106,"providerDesc":null,"node":"NODE_3","cpCode":"MYNAME","retry":0,"shutDown":false,"dataEncode":0,"timeOut":false,"startTime":0,"list_messageId":null,"reqId_vivas":null,"cacheFrom":null,"systemId":"84932343725-5a73ed18194508","source":"API","optString":"{\"vinaphone\":{\"labelId\":\"0\",\"tmpId\":\"0\"}}","extenInfo":null}
26-02-2018 15:24:04 [INFO ] REQUEST_LOG:23 - {"id":0,"phone":"84914752321","oper":"GPC","message":"CommCredittieng viet khong dau263836675505794","totalSms":1,"label":"CommCredit","userSender":"myname","requestTime":1519633444654,"timeSend":null,"result":99,"type":0,"errorInfo":"RECEIVED","tranId":"CommCredit-84914752321-263836675519479","messageId":null,"sendTo":"DEV_VNPT_MEDIA","brGroup":"0","sarMsgRefNum":0,"sarSegmentSeqnum":0,"sarTotalSegments":0,"processTime":6,"providerDesc":null,"node":"NODE_3","cpCode":"MYNAME","retry":0,"shutDown":false,"dataEncode":0,"timeOut":false,"startTime":0,"list_messageId":null,"reqId_vivas":null,"cacheFrom":null,"systemId":"84914752321-5a745b8751fcbe","source":"API","optString":"{\"vinaphone\":{\"labelId\":\"0\",\"tmpId\":\"0\"}}","extenInfo":null}
26-02-2018 15:24:04 [INFO ] SUBMIT_LOG:30 - {"id":0,"phone":"84914752321","oper":"GPC","message":"CommCredittieng viet khong dau263836675505794","totalSms":1,"label":"CommCredit","userSender":"myname","requestTime":1519633444654,"timeSend":1519633444662,"result":-5,"type":0,"errorInfo":"Sai serviceID","tranId":"CommCredit-84914752321-263836675519479","messageId":null,"sendTo":"DEV_VNPT_MEDIA","brGroup":"0","sarMsgRefNum":0,"sarSegmentSeqnum":0,"sarTotalSegments":0,"processTime":76,"providerDesc":null,"node":"NODE_3","cpCode":"MYNAME","retry":0,"shutDown":false,"dataEncode":0,"timeOut":false,"startTime":0,"list_messageId":null,"reqId_vivas":null,"cacheFrom":null,"systemId":"84914752321-5a745b8751fcbe","source":"API","optString":"{\"vinaphone\":{\"labelId\":\"0\",\"tmpId\":\"0\"}}","extenInfo":null}
26-02-2018 15:25:57 [INFO ] REQUEST_LOG:23 - {"id":0,"phone":"84914752321","oper":"GPC","message":"LopCEO124tieng viet khong dau263949097520262","totalSms":1,"label":"LopCEO124","userSender":"myname","requestTime":1519633557029,"timeSend":null,"result":99,"type":0,"errorInfo":"RECEIVED","tranId":"LopCEO124-84914752321-263949097541074","messageId":null,"sendTo":"DEV_VNPT_MEDIA","brGroup":"N5","sarMsgRefNum":0,"sarSegmentSeqnum":0,"sarTotalSegments":0,"processTime":2,"providerDesc":null,"node":"NODE_3","cpCode":"MYNAME","retry":0,"shutDown":false,"dataEncode":0,"timeOut":false,"startTime":0,"list_messageId":null,"reqId_vivas":null,"cacheFrom":null,"systemId":"84914752321-5a7475b160a16c","source":"API","optString":"{\"vinaphone\":{\"labelId\":\"0\",\"tmpId\":\"0\"}}","extenInfo":null}
26-02-2018 15:25:57 [INFO ] SUBMIT_LOG:30 - {"id":0,"phone":"84914752321","oper":"GPC","message":"LopCEO124tieng viet khong dau263949097520262","totalSms":1,"label":"LopCEO124","userSender":"myname","requestTime":1519633557029,"timeSend":1519633557034,"result":1,"type":0,"errorInfo":"SUBMITTED : requestId SMS là : 433894338","tranId":"LopCEO124-84914752321-263949097541074","messageId":null,"sendTo":"DEV_VNPT_MEDIA","brGroup":"N5","sarMsgRefNum":0,"sarSegmentSeqnum":0,"sarTotalSegments":0,"processTime":62,"providerDesc":null,"node":"NODE_3","cpCode":"MYNAME","retry":0,"shutDown":false,"dataEncode":0,"timeOut":false,"startTime":0,"list_messageId":null,"reqId_vivas":null,"cacheFrom":null,"systemId":"84914752321-5a7475b160a16c","source":"API","optString":"{\"vinaphone\":{\"labelId\":\"0\",\"tmpId\":\"0\"}}","extenInfo":null}
26-02-2018 15:30:42 [INFO ] REQUEST_LOG:23 - {"id":0,"phone":"84986233352","oper":"VTE","message":"ANHDUCtieng viet khong dau264234258497959","totalSms":1,"label":"ANHDUC","userSender":"myname","requestTime":1519633842179,"timeSend":null,"result":99,"type":0,"errorInfo":"RECEIVED","tranId":"ANHDUC-84986233352-264234258518771","messageId":null,"sendTo":"AD_VTEHNI","brGroup":"0","sarMsgRefNum":0,"sarSegmentSeqnum":0,"sarTotalSegments":0,"processTime":2,"providerDesc":null,"node":"NODE_3","cpCode":"MYNAME","retry":0,"shutDown":false,"dataEncode":0,"timeOut":false,"startTime":0,"list_messageId":null,"reqId_vivas":null,"cacheFrom":null,"systemId":"84986233352-5a74b815aaab55","source":"API","optString":"{\"vinaphone\":{\"labelId\":\"0\",\"tmpId\":\"0\"}}","extenInfo":null}
26-02-2018 15:30:42 [INFO ] SUBMIT_LOG:30 - {"id":0,"phone":"84986233352","oper":"VTE","message":"ANHDUCtieng viet khong dau264234258497959","totalSms":1,"label":"ANHDUC","userSender":"myname","requestTime":1519633842179,"timeSend":1519633842184,"result":1,"type":0,"errorInfo":"SUBMITTED","tranId":"ANHDUC-84986233352-264234258518771","messageId":null,"sendTo":"AD_VTEHNI","brGroup":"0","sarMsgRefNum":0,"sarSegmentSeqnum":0,"sarTotalSegments":0,"processTime":133,"providerDesc":"Insert MT_QUEUE: OK","node":"NODE_3","cpCode":"MYNAME","retry":0,"shutDown":false,"dataEncode":0,"timeOut":false,"startTime":0,"list_messageId":null,"reqId_vivas":null,"cacheFrom":null,"systemId":"84986233352-5a74b815aaab55","source":"API","optString":"{\"vinaphone\":{\"labelId\":\"0\",\"tmpId\":\"0\"}}","extenInfo":null}
26-02-2018 15:33:09 [INFO ] REQUEST_LOG:23 - {"id":0,"phone":"84986233352","oper":"VTE","message":"HTC_TESTtieng viet khong dau264381890531505","totalSms":1,"label":"HTC_TEST","userSender":"myname","requestTime":1519633989822,"timeSend":null,"result":99,"type":0,"errorInfo":"RECEIVED","tranId":"HTC_TEST-84986233352-264381890544904","messageId":null,"sendTo":"HTC_VASBULK","brGroup":"0","sarMsgRefNum":0,"sarSegmentSeqnum":0,"sarTotalSegments":0,"processTime":2,"providerDesc":null,"node":"NODE_3","cpCode":"MYNAME","retry":0,"shutDown":false,"dataEncode":0,"timeOut":false,"startTime":0,"list_messageId":null,"reqId_vivas":null,"cacheFrom":null,"systemId":"84986233352-5a74da75db2965","source":"API","optString":"{\"vinaphone\":{\"labelId\":\"0\",\"tmpId\":\"0\"}}","extenInfo":null}
26-02-2018 15:33:10 [INFO ] SUBMIT_LOG:30 - {"id":0,"phone":"84986233352","oper":"VTE","message":"HTC_TESTtieng viet khong dau264381890531505","totalSms":1,"label":"HTC_TEST","userSender":"myname","requestTime":1519633989822,"timeSend":1519633989827,"result":0,"type":0,"errorInfo":"Authenticate: WRONG_INFORMATION_AUTHENTICATE","tranId":"HTC_TEST-84986233352-264381890544904","messageId":null,"sendTo":"HTC_VASBULK","brGroup":"0","sarMsgRefNum":0,"sarSegmentSeqnum":0,"sarTotalSegments":0,"processTime":603,"providerDesc":"Authenticate: WRONG_INFORMATION_AUTHENTICATE","node":"NODE_3","cpCode":"MYNAME","retry":0,"shutDown":false,"dataEncode":0,"timeOut":false,"startTime":0,"list_messageId":null,"reqId_vivas":null,"cacheFrom":null,"systemId":"84986233352-5a74da75db2965","source":"API","optString":"{\"vinaphone\":{\"labelId\":\"0\",\"tmpId\":\"0\"}}","extenInfo":null}
26-02-2018 15:37:14 [INFO ] REQUEST_LOG:23 - {"id":0,"phone":"84932343725","oper":"VMS","message":"ThuCuctieng viet khong dau264626410541209","totalSms":1,"label":"ThuCuc","userSender":"myname","requestTime":1519634234344,"timeSend":null,"result":7,"type":0,"errorInfo":"Brand not Active |br=ThuCuc","tranId":"ThuCuc-84932343725-264626410562307","messageId":null,"sendTo":null,"brGroup":null,"sarMsgRefNum":0,"sarSegmentSeqnum":0,"sarTotalSegments":0,"processTime":6,"providerDesc":null,"node":"NODE_3","cpCode":"MYNAME","retry":0,"shutDown":false,"dataEncode":0,"timeOut":false,"startTime":0,"list_messageId":null,"reqId_vivas":null,"cacheFrom":null,"systemId":"84932343725-5a751364848de8","source":"API","optString":null,"extenInfo":null}
26-02-2018 15:37:21 [INFO ] REQUEST_LOG:23 - {"id":0,"phone":"84932343725","oper":"VMS","message":"ThuCuctieng viet khong dau264633929172173","totalSms":1,"label":"ThuCuc","userSender":"myname","requestTime":1519634241860,"timeSend":null,"result":99,"type":0,"errorInfo":"RECEIVED","tranId":"ThuCuc-84932343725-264633929191845","messageId":null,"sendTo":"MFS_SOUTH","brGroup":"0","sarMsgRefNum":0,"sarSegmentSeqnum":0,"sarTotalSegments":0,"processTime":4,"providerDesc":null,"node":"NODE_3","cpCode":"MYNAME","retry":0,"shutDown":false,"dataEncode":0,"timeOut":false,"startTime":0,"list_messageId":null,"reqId_vivas":null,"cacheFrom":null,"systemId":"84932343725-5a75152480b446","source":"API","optString":"{\"vinaphone\":{\"labelId\":\"0\",\"tmpId\":\"0\"}}","extenInfo":null}
26-02-2018 15:37:26 [INFO ] SUBMIT_LOG:30 - {"id":0,"phone":"84932343725","oper":"VMS","message":"ThuCuctieng viet khong dau264633929172173","totalSms":1,"label":"ThuCuc","userSender":"myname","requestTime":1519634241860,"timeSend":1519634241865,"result":0,"type":0,"errorInfo":"Invalid Sender","tranId":"ThuCuc-84932343725-264633929191845","messageId":null,"sendTo":"MFS_SOUTH","brGroup":"0","sarMsgRefNum":0,"sarSegmentSeqnum":0,"sarTotalSegments":0,"processTime":5086,"providerDesc":null,"node":"NODE_3","cpCode":"MYNAME","retry":0,"shutDown":false,"dataEncode":0,"timeOut":false,"startTime":0,"list_messageId":null,"reqId_vivas":null,"cacheFrom":null,"systemId":"84932343725-5a75152480b446","source":"API","optString":"{\"vinaphone\":{\"labelId\":\"0\",\"tmpId\":\"0\"}}","extenInfo":null}
26-02-2018 15:41:15 [INFO ] REQUEST_LOG:23 - {"id":0,"phone":"84932343725","oper":"VMS","message":"BVTHUCUCtieng viet khong dau264867095582155","totalSms":1,"label":"BVTHUCUC","userSender":"myname","requestTime":1519634475038,"timeSend":null,"result":99,"type":0,"errorInfo":"RECEIVED","tranId":"BVTHUCUC-84932343725-264867095611806","messageId":null,"sendTo":"MFS_SOUTH","brGroup":"0","sarMsgRefNum":0,"sarSegmentSeqnum":0,"sarTotalSegments":0,"processTime":3,"providerDesc":null,"node":"NODE_3","cpCode":"MYNAME","retry":0,"shutDown":false,"dataEncode":0,"timeOut":false,"startTime":0,"list_messageId":null,"reqId_vivas":null,"cacheFrom":null,"systemId":"84932343725-5a754b6f00ff1a","source":"API","optString":"{\"vinaphone\":{\"labelId\":\"0\",\"tmpId\":\"0\"}}","extenInfo":null}
26-02-2018 15:41:20 [INFO ] SUBMIT_LOG:30 - {"id":0,"phone":"84932343725","oper":"VMS","message":"BVTHUCUCtieng viet khong dau264867095582155","totalSms":1,"label":"BVTHUCUC","userSender":"myname","requestTime":1519634475038,"timeSend":1519634475041,"result":1,"type":0,"errorInfo":"SUBMITTED","tranId":"BVTHUCUC-84932343725-264867095611806","messageId":null,"sendTo":"MFS_SOUTH","brGroup":"0","sarMsgRefNum":0,"sarSegmentSeqnum":0,"sarTotalSegments":0,"processTime":5065,"providerDesc":null,"node":"NODE_3","cpCode":"MYNAME","retry":0,"shutDown":false,"dataEncode":0,"timeOut":false,"startTime":0,"list_messageId":null,"reqId_vivas":null,"cacheFrom":null,"systemId":"84932343725-5a754b6f00ff1a","source":"API","optString":"{\"vinaphone\":{\"labelId\":\"0\",\"tmpId\":\"0\"}}","extenInfo":null}
26-02-2018 15:43:31 [INFO ] REQUEST_LOG:23 - {"id":0,"phone":"84932343725","oper":"VMS","message":"PURESKINtieng viet khong dau265003105178888","totalSms":1,"label":"PURESKIN","userSender":"myname","requestTime":1519634611034,"timeSend":null,"result":99,"type":0,"errorInfo":"RECEIVED","tranId":"PURESKIN-84932343725-265003105193998","messageId":null,"sendTo":"SOUTH_SMPP","brGroup":"N5","sarMsgRefNum":0,"sarSegmentSeqnum":0,"sarTotalSegments":0,"processTime":2,"providerDesc":null,"node":"NODE_3","cpCode":"MYNAME","retry":0,"shutDown":false,"dataEncode":0,"timeOut":false,"startTime":0,"list_messageId":null,"reqId_vivas":null,"cacheFrom":null,"systemId":"84932343725-5a756b18f338b4","source":"API","optString":"{\"vinaphone\":{\"labelId\":\"0\",\"tmpId\":\"0\"}}","extenInfo":null}
26-02-2018 15:43:31 [INFO ] SUBMIT_LOG:30 - {"id":0,"phone":"84932343725","oper":"VMS","message":"PURESKINtieng viet khong dau265003105178888","totalSms":1,"label":"PURESKIN","userSender":"myname","requestTime":1519634611034,"timeSend":1519634611039,"result":1,"type":0,"errorInfo":"SUBMITTED","tranId":"PURESKIN-84932343725-265003105193998","messageId":"9e8ce3f0-5899-484a-9b4f-841c1af30a8b","sendTo":"SOUTH_SMPP","brGroup":"N5","sarMsgRefNum":0,"sarSegmentSeqnum":0,"sarTotalSegments":0,"processTime":427,"providerDesc":null,"node":"NODE_3","cpCode":"MYNAME","retry":0,"shutDown":false,"dataEncode":0,"timeOut":false,"startTime":0,"list_messageId":null,"reqId_vivas":null,"cacheFrom":null,"systemId":"84932343725-5a756b18f338b4","source":"API","optString":"{\"vinaphone\":{\"labelId\":\"0\",\"tmpId\":\"0\"}}","extenInfo":null}
26-02-2018 15:48:07 [INFO ] REQUEST_LOG:23 - {"id":0,"phone":"84986233352","oper":"VTE","message":"VIETTIENtieng viet khong dau265279532224220","totalSms":1,"label":"VIETTIEN","userSender":"myname","requestTime":1519634887459,"timeSend":null,"result":99,"type":0,"errorInfo":"RECEIVED","tranId":"VIETTIEN-84986233352-265279532244462","messageId":null,"sendTo":"MBF_VASVTE","brGroup":"N3","sarMsgRefNum":0,"sarSegmentSeqnum":0,"sarTotalSegments":0,"processTime":2,"providerDesc":null,"node":"NODE_3","cpCode":"MYNAME","retry":0,"shutDown":false,"dataEncode":0,"timeOut":false,"startTime":0,"list_messageId":null,"reqId_vivas":null,"cacheFrom":null,"systemId":"84986233352-5a75ab752d9261","source":"API","optString":"{\"vinaphone\":{\"labelId\":\"0\",\"tmpId\":\"0\"}}","extenInfo":null}
26-02-2018 15:48:07 [INFO ] SUBMIT_LOG:30 - {"id":0,"phone":"84986233352","oper":"VTE","message":"VIETTIENtieng viet khong dau265279532224220","totalSms":1,"label":"VIETTIEN","userSender":"myname","requestTime":1519634887459,"timeSend":1519634887465,"result":1,"type":0,"errorInfo":"SUBMITTED","tranId":"VIETTIEN-84986233352-265279532244462","messageId":null,"sendTo":"MBF_VASVTE","brGroup":"N3","sarMsgRefNum":0,"sarSegmentSeqnum":0,"sarTotalSegments":0,"processTime":34,"providerDesc":"Insert MT_QUEUE: OK","node":"NODE_3","cpCode":"MYNAME","retry":0,"shutDown":false,"dataEncode":0,"timeOut":false,"startTime":0,"list_messageId":null,"reqId_vivas":null,"cacheFrom":null,"systemId":"84986233352-5a75ab752d9261","source":"API","optString":"{\"vinaphone\":{\"labelId\":\"0\",\"tmpId\":\"0\"}}","extenInfo":null}
26-02-2018 15:49:48 [INFO ] REQUEST_LOG:23 - {"id":0,"phone":"84986233352","oper":"VTE","message":"MobiServicetieng viet khong dau265380173643240","totalSms":1,"label":"MobiService","userSender":"myname","requestTime":1519634988100,"timeSend":null,"result":99,"type":0,"errorInfo":"RECEIVED","tranId":"MobiService-84986233352-265380173656925","messageId":null,"sendTo":"MFS_CMC","brGroup":"0","sarMsgRefNum":0,"sarSegmentSeqnum":0,"sarTotalSegments":0,"processTime":6,"providerDesc":null,"node":"NODE_3","cpCode":"MYNAME","retry":0,"shutDown":false,"dataEncode":0,"timeOut":false,"startTime":0,"list_messageId":null,"reqId_vivas":null,"cacheFrom":null,"systemId":"84986233352-5a75c2e3dc1eba","source":"API","optString":"{\"vinaphone\":{\"labelId\":\"0\",\"tmpId\":\"0\"}}","extenInfo":null}
26-02-2018 15:49:48 [INFO ] SUBMIT_LOG:30 - {"id":0,"phone":"84986233352","oper":"VTE","message":"MobiServicetieng viet khong dau265380173643240","totalSms":1,"label":"MobiService","userSender":"myname","requestTime":1519634988100,"timeSend":1519634988109,"result":1,"type":0,"errorInfo":"SUBMITTED","tranId":"MobiService-84986233352-265380173656925","messageId":null,"sendTo":"MFS_CMC","brGroup":"0","sarMsgRefNum":0,"sarSegmentSeqnum":0,"sarTotalSegments":0,"processTime":558,"providerDesc":null,"node":"NODE_3","cpCode":"MYNAME","retry":0,"shutDown":false,"dataEncode":0,"timeOut":false,"startTime":0,"list_messageId":null,"reqId_vivas":null,"cacheFrom":null,"systemId":"84986233352-5a75c2e3dc1eba","source":"API","optString":"{\"vinaphone\":{\"labelId\":\"0\",\"tmpId\":\"0\"}}","extenInfo":null}
26-02-2018 15:53:02 [INFO ] REQUEST_LOG:23 - {"id":0,"phone":"84914752321","oper":"GPC","message":"FE CREDITtieng viet khong dau265574451125116","totalSms":1,"label":"FE CREDIT","userSender":"myname","requestTime":1519635182401,"timeSend":null,"result":99,"type":0,"errorInfo":"RECEIVED","tranId":"FE CREDIT-84914752321-265574451190404","messageId":null,"sendTo":"HNK","brGroup":"N5","sarMsgRefNum":0,"sarSegmentSeqnum":0,"sarTotalSegments":0,"processTime":2,"providerDesc":null,"node":"NODE_3","cpCode":"MYNAME","retry":0,"shutDown":false,"dataEncode":0,"timeOut":false,"startTime":0,"list_messageId":null,"reqId_vivas":null,"cacheFrom":null,"systemId":"84914752321-5a75f0211ba69f","source":"API","optString":"{\"vinaphone\":{\"labelId\":\"69178\",\"tmpId\":\"271925\"}}","extenInfo":null}
26-02-2018 15:53:07 [INFO ] SUBMIT_LOG:30 - {"id":0,"phone":"84914752321","oper":"GPC","message":"FE CREDITtieng viet khong dau265574451125116","totalSms":1,"label":"FE CREDIT","userSender":"myname","requestTime":1519635182401,"timeSend":1519635182406,"result":1,"type":0,"errorInfo":"SUBMITTED","tranId":"FE CREDIT-84914752321-265574451190404","messageId":null,"sendTo":"HNK","brGroup":"N5","sarMsgRefNum":0,"sarSegmentSeqnum":0,"sarTotalSegments":0,"processTime":5037,"providerDesc":null,"node":"NODE_3","cpCode":"MYNAME","retry":0,"shutDown":false,"dataEncode":0,"timeOut":false,"startTime":0,"list_messageId":null,"reqId_vivas":"12890921","cacheFrom":null,"systemId":"84914752321-5a75f0211ba69f","source":"API","optString":"{\"vinaphone\":{\"labelId\":\"69178\",\"tmpId\":\"271925\"}}","extenInfo":null}
26-02-2018 15:55:19 [INFO ] REQUEST_LOG:23 - {"id":0,"phone":"84986233352","oper":"VTE","message":"KISVNtieng viet khong dau265711630321523","totalSms":1,"label":"KISVN","userSender":"myname","requestTime":1519635319560,"timeSend":null,"result":99,"type":0,"errorInfo":"RECEIVED","tranId":"KISVN-84986233352-265711630334923","messageId":null,"sendTo":"HTC_SOUTH","brGroup":"N1","sarMsgRefNum":0,"sarSegmentSeqnum":0,"sarTotalSegments":0,"processTime":2,"providerDesc":null,"node":"NODE_3","cpCode":"MYNAME","retry":0,"shutDown":false,"dataEncode":0,"timeOut":false,"startTime":0,"list_messageId":null,"reqId_vivas":null,"cacheFrom":null,"systemId":"84986233352-5a761010697d65","source":"API","optString":"{\"vinaphone\":{\"labelId\":\"69970\",\"tmpId\":\"271934\"}}","extenInfo":null}
26-02-2018 15:55:24 [INFO ] SUBMIT_LOG:30 - {"id":0,"phone":"84986233352","oper":"VTE","message":"KISVNtieng viet khong dau265711630321523","totalSms":1,"label":"KISVN","userSender":"myname","requestTime":1519635319560,"timeSend":1519635319564,"result":1,"type":0,"errorInfo":"SUBMITTED","tranId":"KISVN-84986233352-265711630334923","messageId":null,"sendTo":"HTC_SOUTH","brGroup":"N1","sarMsgRefNum":0,"sarSegmentSeqnum":0,"sarTotalSegments":0,"processTime":5175,"providerDesc":null,"node":"NODE_3","cpCode":"MYNAME","retry":0,"shutDown":false,"dataEncode":0,"timeOut":false,"startTime":0,"list_messageId":null,"reqId_vivas":null,"cacheFrom":null,"systemId":"84986233352-5a761010697d65","source":"API","optString":"{\"vinaphone\":{\"labelId\":\"69970\",\"tmpId\":\"271934\"}}","extenInfo":null}
26-02-2018 16:01:13 [INFO ] REQUEST_LOG:23 - {"id":0,"phone":"84986233352","oper":"VTE","message":"CommCredittieng viet khong dau266065200641017","totalSms":1,"label":"CommCredit","userSender":"myname","requestTime":1519635673139,"timeSend":null,"result":99,"type":0,"errorInfo":"RECEIVED","tranId":"CommCredit-84986233352-266065200655272","messageId":null,"sendTo":"HTC_SOUTH","brGroup":"0","sarMsgRefNum":0,"sarSegmentSeqnum":0,"sarTotalSegments":0,"processTime":2,"providerDesc":null,"node":"NODE_3","cpCode":"MYNAME","retry":0,"shutDown":false,"dataEncode":0,"timeOut":false,"startTime":0,"list_messageId":null,"reqId_vivas":null,"cacheFrom":null,"systemId":"84986233352-5a766263569406","source":"API","optString":"{\"vinaphone\":{\"labelId\":\"0\",\"tmpId\":\"0\"}}","extenInfo":null}
26-02-2018 16:01:18 [INFO ] SUBMIT_LOG:30 - {"id":0,"phone":"84986233352","oper":"VTE","message":"CommCredittieng viet khong dau266065200641017","totalSms":1,"label":"CommCredit","userSender":"myname","requestTime":1519635673139,"timeSend":1519635673149,"result":1,"type":0,"errorInfo":"SUBMITTED","tranId":"CommCredit-84986233352-266065200655272","messageId":null,"sendTo":"HTC_SOUTH","brGroup":"0","sarMsgRefNum":0,"sarSegmentSeqnum":0,"sarTotalSegments":0,"processTime":5219,"providerDesc":null,"node":"NODE_3","cpCode":"MYNAME","retry":0,"shutDown":false,"dataEncode":0,"timeOut":false,"startTime":0,"list_messageId":null,"reqId_vivas":null,"cacheFrom":null,"systemId":"84986233352-5a766263569406","source":"API","optString":"{\"vinaphone\":{\"labelId\":\"0\",\"tmpId\":\"0\"}}","extenInfo":null}
26-02-2018 16:03:19 [INFO ] REQUEST_LOG:23 - {"id":0,"phone":"84986233352","oper":"VTE","message":"PURESKINtieng viet khong dau266191567725944","totalSms":1,"label":"PURESKIN","userSender":"myname","requestTime":1519635799500,"timeSend":null,"result":99,"type":0,"errorInfo":"RECEIVED","tranId":"PURESKIN-84986233352-266191567738773","messageId":null,"sendTo":"MBF_VASVTE","brGroup":"N3","sarMsgRefNum":0,"sarSegmentSeqnum":0,"sarTotalSegments":0,"processTime":6,"providerDesc":null,"node":"NODE_3","cpCode":"MYNAME","retry":0,"shutDown":false,"dataEncode":0,"timeOut":false,"startTime":0,"list_messageId":null,"reqId_vivas":null,"cacheFrom":null,"systemId":"84986233352-5a767fcf1644fd","source":"API","optString":"{\"vinaphone\":{\"labelId\":\"0\",\"tmpId\":\"0\"}}","extenInfo":null}
26-02-2018 16:03:19 [INFO ] SUBMIT_LOG:30 - {"id":0,"phone":"84986233352","oper":"VTE","message":"PURESKINtieng viet khong dau266191567725944","totalSms":1,"label":"PURESKIN","userSender":"myname","requestTime":1519635799500,"timeSend":1519635799507,"result":1,"type":0,"errorInfo":"SUBMITTED","tranId":"PURESKIN-84986233352-266191567738773","messageId":null,"sendTo":"MBF_VASVTE","brGroup":"N3","sarMsgRefNum":0,"sarSegmentSeqnum":0,"sarTotalSegments":0,"processTime":41,"providerDesc":"Insert MT_QUEUE: OK","node":"NODE_3","cpCode":"MYNAME","retry":0,"shutDown":false,"dataEncode":0,"timeOut":false,"startTime":0,"list_messageId":null,"reqId_vivas":null,"cacheFrom":null,"systemId":"84986233352-5a767fcf1644fd","source":"API","optString":"{\"vinaphone\":{\"labelId\":\"0\",\"tmpId\":\"0\"}}","extenInfo":null}
26-02-2018 16:03:56 [INFO ] REQUEST_LOG:23 - {"id":0,"phone":"84914752321","oper":"GPC","message":"PURESKINtieng viet khong dau266228653506096","totalSms":1,"label":"PURESKIN","userSender":"myname","requestTime":1519635836586,"timeSend":null,"result":99,"type":0,"errorInfo":"RECEIVED","tranId":"PURESKIN-84914752321-266228653520065","messageId":null,"sendTo":"VNPT_MEDIA","brGroup":"N5","sarMsgRefNum":0,"sarSegmentSeqnum":0,"sarTotalSegments":0,"processTime":2,"providerDesc":null,"node":"NODE_3","cpCode":"MYNAME","retry":0,"shutDown":false,"dataEncode":0,"timeOut":false,"startTime":0,"list_messageId":null,"reqId_vivas":null,"cacheFrom":null,"systemId":"84914752321-5a7688718d5c6c","source":"API","optString":"{\"vinaphone\":{\"labelId\":\"0\",\"tmpId\":\"0\"}}","extenInfo":null}
26-02-2018 16:03:56 [INFO ] SUBMIT_LOG:30 - {"id":0,"phone":"84914752321","oper":"GPC","message":"PURESKINtieng viet khong dau266228653506096","totalSms":1,"label":"PURESKIN","userSender":"myname","requestTime":1519635836586,"timeSend":1519635836594,"result":1,"type":0,"errorInfo":"SUBMITTED","tranId":"PURESKIN-84914752321-266228653520065","messageId":null,"sendTo":"VNPT_MEDIA","brGroup":"N5","sarMsgRefNum":0,"sarSegmentSeqnum":0,"sarTotalSegments":0,"processTime":47,"providerDesc":null,"node":"NODE_3","cpCode":"MYNAME","retry":0,"shutDown":false,"dataEncode":0,"timeOut":false,"startTime":0,"list_messageId":null,"reqId_vivas":null,"cacheFrom":null,"systemId":"84914752321-5a7688718d5c6c","source":"API","optString":"{\"vinaphone\":{\"labelId\":\"0\",\"tmpId\":\"0\"}}","extenInfo":null}
26-02-2018 16:06:16 [INFO ] REQUEST_LOG:23 - {"id":0,"phone":"84932343725","oper":"VMS","message":"LPBtieng viet khong dau266368148606947","totalSms":1,"label":"LPB","userSender":"myname","requestTime":1519635976148,"timeSend":null,"result":99,"type":0,"errorInfo":"RECEIVED","tranId":"LPB-84932343725-266368148626048","messageId":null,"sendTo":"ANTIT","brGroup":"0","sarMsgRefNum":0,"sarSegmentSeqnum":0,"sarTotalSegments":0,"processTime":1,"providerDesc":null,"node":"NODE_3","cpCode":"MYNAME","retry":0,"shutDown":false,"dataEncode":0,"timeOut":false,"startTime":0,"list_messageId":null,"reqId_vivas":null,"cacheFrom":null,"systemId":"84932343725-5a76a8f0153bd7","source":"API","optString":"{\"vinaphone\":{\"labelId\":\"0\",\"tmpId\":\"0\"}}","extenInfo":null}
26-02-2018 16:06:16 [INFO ] SUBMIT_LOG:30 - {"id":0,"phone":"84932343725","oper":"VMS","message":"LPBtieng viet khong dau266368148606947","totalSms":1,"label":"LPB","userSender":"myname","requestTime":1519635976148,"timeSend":1519635976150,"result":301,"type":0,"errorInfo":"WRONG BRAND NAME","tranId":"LPB-84932343725-266368148626048","messageId":null,"sendTo":"ANTIT","brGroup":"0","sarMsgRefNum":0,"sarSegmentSeqnum":0,"sarTotalSegments":0,"processTime":125,"providerDesc":null,"node":"NODE_3","cpCode":"MYNAME","retry":0,"shutDown":false,"dataEncode":0,"timeOut":false,"startTime":0,"list_messageId":null,"reqId_vivas":null,"cacheFrom":null,"systemId":"84932343725-5a76a8f0153bd7","source":"API","optString":"{\"vinaphone\":{\"labelId\":\"0\",\"tmpId\":\"0\"}}","extenInfo":null}
26-02-2018 16:08:30 [INFO ] REQUEST_LOG:23 - {"id":0,"phone":"84932343725","oper":"VMS","message":"NHTomHumtieng viet khong dau266502570442941","totalSms":1,"label":"NHTomHum","userSender":"myname","requestTime":1519636110804,"timeSend":null,"result":99,"type":0,"errorInfo":"RECEIVED","tranId":"NHTomHum-84932343725-266502570456626","messageId":null,"sendTo":"VMG","brGroup":"N5","sarMsgRefNum":0,"sarSegmentSeqnum":0,"sarTotalSegments":0,"processTime":1,"providerDesc":null,"node":"NODE_3","cpCode":"MYNAME","retry":0,"shutDown":false,"dataEncode":0,"timeOut":false,"startTime":0,"list_messageId":null,"reqId_vivas":null,"cacheFrom":null,"systemId":"84932343725-5a76c84a3cb168","source":"API","optString":"","extenInfo":null}
26-02-2018 16:08:35 [INFO ] SUBMIT_LOG:30 - {"id":0,"phone":"84932343725","oper":"VMS","message":"NHTomHumtieng viet khong dau266502570442941","totalSms":1,"label":"NHTomHum","userSender":"myname","requestTime":1519636110804,"timeSend":1519636110808,"result":904,"type":0,"errorInfo":"Brandname is inactive","tranId":"NHTomHum-84932343725-266502570456626","messageId":null,"sendTo":"VMG","brGroup":"N5","sarMsgRefNum":0,"sarSegmentSeqnum":0,"sarTotalSegments":0,"processTime":5114,"providerDesc":null,"node":"NODE_3","cpCode":"MYNAME","retry":0,"shutDown":false,"dataEncode":0,"timeOut":false,"startTime":0,"list_messageId":null,"reqId_vivas":null,"cacheFrom":null,"systemId":"84932343725-5a76c84a3cb168","source":"API","optString":"","extenInfo":null}
26-02-2018 16:09:47 [INFO ] REQUEST_LOG:23 - {"id":0,"phone":"84932343725","oper":"VMS","message":"ExcelSchooltieng viet khong dau266579080053644","totalSms":1,"label":"ExcelSchool","userSender":"myname","requestTime":1519636187022,"timeSend":null,"result":99,"type":0,"errorInfo":"RECEIVED","tranId":"ExcelSchool-84932343725-266579080066758","messageId":null,"sendTo":"VMG","brGroup":"0","sarMsgRefNum":0,"sarSegmentSeqnum":0,"sarTotalSegments":0,"processTime":5,"providerDesc":null,"node":"NODE_3","cpCode":"MYNAME","retry":0,"shutDown":false,"dataEncode":0,"timeOut":false,"startTime":0,"list_messageId":null,"reqId_vivas":null,"cacheFrom":null,"systemId":"84932343725-5a76da0928b986","source":"API","optString":"{\"vinaphone\":{\"labelId\":\"0\",\"tmpId\":\"0\"}}","extenInfo":null}
26-02-2018 16:09:52 [INFO ] SUBMIT_LOG:30 - {"id":0,"phone":"84932343725","oper":"VMS","message":"ExcelSchooltieng viet khong dau266579080053644","totalSms":1,"label":"ExcelSchool","userSender":"myname","requestTime":1519636187022,"timeSend":1519636187028,"result":1,"type":0,"errorInfo":"SUBMITTED","tranId":"ExcelSchool-84932343725-266579080066758","messageId":null,"sendTo":"VMG","brGroup":"0","sarMsgRefNum":0,"sarSegmentSeqnum":0,"sarTotalSegments":0,"processTime":5231,"providerDesc":null,"node":"NODE_3","cpCode":"MYNAME","retry":0,"shutDown":false,"dataEncode":0,"timeOut":false,"startTime":0,"list_messageId":null,"reqId_vivas":null,"cacheFrom":null,"systemId":"84932343725-5a76da0928b986","source":"API","optString":"{\"vinaphone\":{\"labelId\":\"0\",\"tmpId\":\"0\"}}","extenInfo":null}
26-02-2018 16:11:43 [INFO ] REQUEST_LOG:23 - {"id":0,"phone":"84932343725","oper":"VMS","message":"English-HNtieng viet khong dau266695950889624","totalSms":1,"label":"English-HN","userSender":"myname","requestTime":1519636303912,"timeSend":null,"result":99,"type":0,"errorInfo":"RECEIVED","tranId":"English-HN-84932343725-266695950904449","messageId":null,"sendTo":"VIVAS","brGroup":"N5","sarMsgRefNum":0,"sarSegmentSeqnum":0,"sarTotalSegments":0,"processTime":4,"providerDesc":null,"node":"NODE_3","cpCode":"MYNAME","retry":0,"shutDown":false,"dataEncode":0,"timeOut":false,"startTime":0,"list_messageId":null,"reqId_vivas":null,"cacheFrom":null,"systemId":"84932343725-5a76f5405b5e1d","source":"API","optString":"","extenInfo":null}
26-02-2018 16:11:48 [INFO ] SUBMIT_LOG:30 - {"id":0,"phone":"84932343725","oper":"VMS","message":"English-HNtieng viet khong dau266695950889624","totalSms":1,"label":"English-HN","userSender":"myname","requestTime":1519636303912,"timeSend":1519636303919,"result":3,"type":0,"errorInfo":"Unknow VAL:3","tranId":"English-HN-84932343725-266695950904449","messageId":"84932343725-25463543632495","sendTo":"VIVAS","brGroup":"N5","sarMsgRefNum":0,"sarSegmentSeqnum":0,"sarTotalSegments":0,"processTime":5030,"providerDesc":null,"node":"NODE_3","cpCode":"MYNAME","retry":0,"shutDown":false,"dataEncode":0,"timeOut":false,"startTime":0,"list_messageId":null,"reqId_vivas":"84932343725-5a76f5405b5e1d","cacheFrom":null,"systemId":"84932343725-5a76f5405b5e1d","source":"API","optString":"","extenInfo":null}
26-02-2018 16:17:58 [INFO ] REQUEST_LOG:23 - {"id":0,"phone":"84932343725","oper":"VMS","message":"HOHOANHHNtieng viet khong dau267070362882845","totalSms":1,"label":"HOHOANHHN","userSender":"myname","requestTime":1519636678316,"timeSend":null,"result":7,"type":0,"errorInfo":"Brand not Active |br=HOHOANHHN","tranId":"HOHOANHHN-84932343725-267070362895960","messageId":null,"sendTo":null,"brGroup":null,"sarMsgRefNum":0,"sarSegmentSeqnum":0,"sarTotalSegments":0,"processTime":2,"providerDesc":null,"node":"NODE_3","cpCode":"MYNAME","retry":0,"shutDown":false,"dataEncode":0,"timeOut":false,"startTime":0,"list_messageId":null,"reqId_vivas":null,"cacheFrom":null,"systemId":"84932343725-5a774c6c99324c","source":"API","optString":null,"extenInfo":null}
26-02-2018 16:18:48 [INFO ] REQUEST_LOG:23 - {"id":0,"phone":"84932343725","oper":"VMS","message":"HOHOANHHNtieng viet khong dau267120293817789","totalSms":1,"label":"HOHOANHHN","userSender":"myname","requestTime":1519636728237,"timeSend":null,"result":99,"type":0,"errorInfo":"RECEIVED","tranId":"HOHOANHHN-84932343725-267120293832044","messageId":null,"sendTo":"VIVAS","brGroup":"0","sarMsgRefNum":0,"sarSegmentSeqnum":0,"sarTotalSegments":0,"processTime":2,"providerDesc":null,"node":"NODE_3","cpCode":"MYNAME","retry":0,"shutDown":false,"dataEncode":0,"timeOut":false,"startTime":0,"list_messageId":null,"reqId_vivas":null,"cacheFrom":null,"systemId":"84932343725-5a77580c1a6fa3","source":"API","optString":"{\"vinaphone\":{\"labelId\":\"0\",\"tmpId\":\"0\"}}","extenInfo":null}
26-02-2018 16:18:53 [INFO ] SUBMIT_LOG:30 - {"id":0,"phone":"84932343725","oper":"VMS","message":"HOHOANHHNtieng viet khong dau267120293817789","totalSms":1,"label":"HOHOANHHN","userSender":"myname","requestTime":1519636728237,"timeSend":1519636728239,"result":1,"type":0,"errorInfo":"SUBMITTED","tranId":"HOHOANHHN-84932343725-267120293832044","messageId":"84932343725-25463967950299","sendTo":"VIVAS","brGroup":"0","sarMsgRefNum":0,"sarSegmentSeqnum":0,"sarTotalSegments":0,"processTime":5025,"providerDesc":null,"node":"NODE_3","cpCode":"MYNAME","retry":0,"shutDown":false,"dataEncode":0,"timeOut":false,"startTime":0,"list_messageId":null,"reqId_vivas":"84932343725-5a77580c1a6fa3","cacheFrom":null,"systemId":"84932343725-5a77580c1a6fa3","source":"API","optString":"{\"vinaphone\":{\"labelId\":\"0\",\"tmpId\":\"0\"}}","extenInfo":null}
26-02-2018 16:19:59 [INFO ] REQUEST_LOG:23 - {"id":0,"phone":"84986233352","oper":"VTE","message":"EVN.B-THUANtieng viet khong dau267191133664885","totalSms":1,"label":"EVN.B-THUAN","userSender":"myname","requestTime":1519636799078,"timeSend":null,"result":99,"type":0,"errorInfo":"RECEIVED","tranId":"EVN.B-THUAN-84986233352-267191133677999","messageId":null,"sendTo":"VAS_VT_WS","brGroup":"N5","sarMsgRefNum":0,"sarSegmentSeqnum":0,"sarTotalSegments":0,"processTime":5,"providerDesc":null,"node":"NODE_3","cpCode":"MYNAME","retry":0,"shutDown":false,"dataEncode":0,"timeOut":false,"startTime":0,"list_messageId":null,"reqId_vivas":null,"cacheFrom":null,"systemId":"84986233352-5a77688a899c3b","source":"API","optString":"{\"vinaphone\":{\"labelId\":\"0\",\"tmpId\":\"0\"}}","extenInfo":null}
26-02-2018 16:19:59 [INFO ] SUBMIT_LOG:30 - {"id":0,"phone":"84986233352","oper":"VTE","message":"EVN.B-THUANtieng viet khong dau267191133664885","totalSms":1,"label":"EVN.B-THUAN","userSender":"myname","requestTime":1519636799078,"timeSend":1519636799087,"result":1,"type":0,"errorInfo":"SUBMITTED","tranId":"EVN.B-THUAN-84986233352-267191133677999","messageId":null,"sendTo":"VAS_VT_WS","brGroup":"N5","sarMsgRefNum":0,"sarSegmentSeqnum":0,"sarTotalSegments":0,"processTime":161,"providerDesc":"\n\r Insert MT_QUEUE: OK","node":"NODE_3","cpCode":"MYNAME","retry":0,"shutDown":false,"dataEncode":0,"timeOut":false,"startTime":0,"list_messageId":null,"reqId_vivas":null,"cacheFrom":null,"systemId":"84986233352-5a77688a899c3b","source":"API","optString":"{\"vinaphone\":{\"labelId\":\"0\",\"tmpId\":\"0\"}}","extenInfo":null}
26-02-2018 16:21:13 [INFO ] REQUEST_LOG:23 - {"id":0,"phone":"84986233352","oper":"VTE","message":"MBStieng viet khong dau267265125764494","totalSms":1,"label":"MBS","userSender":"myname","requestTime":1519636873072,"timeSend":null,"result":8,"type":0,"errorInfo":"Send SMS to Telco Not Allow |oper=VTE","tranId":"MBS-84986233352-267265125781600","messageId":null,"sendTo":"0","brGroup":"0","sarMsgRefNum":0,"sarSegmentSeqnum":0,"sarTotalSegments":0,"processTime":2,"providerDesc":null,"node":"NODE_3","cpCode":"MYNAME","retry":0,"shutDown":false,"dataEncode":0,"timeOut":false,"startTime":0,"list_messageId":null,"reqId_vivas":null,"cacheFrom":null,"systemId":"84986233352-5a7779c4f40915","source":"API","optString":"{\"vinaphone\":{\"labelId\":\"0\",\"tmpId\":\"0\"}}","extenInfo":null}
26-02-2018 16:21:22 [INFO ] REQUEST_LOG:23 - {"id":0,"phone":"84932343725","oper":"VMS","message":"MBStieng viet khong dau267274665688110","totalSms":1,"label":"MBS","userSender":"myname","requestTime":1519636882611,"timeSend":null,"result":99,"type":0,"errorInfo":"RECEIVED","tranId":"MBS-84932343725-267274665701509","messageId":null,"sendTo":"MOBI_SV","brGroup":"0","sarMsgRefNum":0,"sarSegmentSeqnum":0,"sarTotalSegments":0,"processTime":1,"providerDesc":null,"node":"NODE_3","cpCode":"MYNAME","retry":0,"shutDown":false,"dataEncode":0,"timeOut":false,"startTime":0,"list_messageId":null,"reqId_vivas":null,"cacheFrom":null,"systemId":"84932343725-5a777bfd802594","source":"API","optString":"{\"vinaphone\":{\"labelId\":\"0\",\"tmpId\":\"0\"}}","extenInfo":null}
26-02-2018 16:21:28 [INFO ] SUBMIT_LOG:30 - {"id":0,"phone":"84932343725","oper":"VMS","message":"MBStieng viet khong dau267274665688110","totalSms":1,"label":"MBS","userSender":"myname","requestTime":1519636882611,"timeSend":1519636882614,"result":0,"type":0,"errorInfo":"84932343725-5a777bfd8025943LoiGuiTin-Sai Tai khoan hoac Brandname khong dung84932343725-5a777bfd802594","tranId":"MBS-84932343725-267274665701509","messageId":null,"sendTo":"MOBI_SV","brGroup":"0","sarMsgRefNum":0,"sarSegmentSeqnum":0,"sarTotalSegments":0,"processTime":5464,"providerDesc":"<MSG><ID>84932343725-5a777bfd802594</ID><ERRCODE>3</ERRCODE><ERRDETAIL>LoiGuiTin-Sai Tai khoan hoac Brandname khong dung</ERRDETAIL><CODENUMBER>84932343725-5a777bfd802594</CODENUMBER></MSG>","node":"NODE_3","cpCode":"MYNAME","retry":0,"shutDown":false,"dataEncode":0,"timeOut":false,"startTime":0,"list_messageId":null,"reqId_vivas":null,"cacheFrom":null,"systemId":"84932343725-5a777bfd802594","source":"API","optString":"{\"vinaphone\":{\"labelId\":\"0\",\"tmpId\":\"0\"}}","extenInfo":null}
26-02-2018 16:27:06 [INFO ] REQUEST_LOG:23 - {"id":0,"phone":"84932343725","oper":"VMS","message":"BIDV_SONGBEtieng viet khong dau267618769835794","totalSms":1,"label":"BIDV_SONGBE","userSender":"myname","requestTime":1519637226772,"timeSend":null,"result":99,"type":0,"errorInfo":"RECEIVED","tranId":"BIDV_SONGBE-84932343725-267618769857461","messageId":null,"sendTo":"MOBI_SV","brGroup":"0","sarMsgRefNum":0,"sarSegmentSeqnum":0,"sarTotalSegments":0,"processTime":2,"providerDesc":null,"node":"NODE_3","cpCode":"MYNAME","retry":0,"shutDown":false,"dataEncode":0,"timeOut":false,"startTime":0,"list_messageId":null,"reqId_vivas":null,"cacheFrom":null,"systemId":"84932343725-5a77cc1f1b7f2b","source":"API","optString":"{\"vinaphone\":{\"labelId\":\"0\",\"tmpId\":\"0\"}}","extenInfo":null}
26-02-2018 16:27:06 [INFO ] REQUEST_LOG:23 - {"id":0,"phone":"84932343725","oper":"VMS","message":"BIDV_SONGBEtieng viet khong dau267618780065447","totalSms":1,"label":"BIDV_SONGBE","userSender":"myname","requestTime":1519637226772,"timeSend":null,"result":99,"type":0,"errorInfo":"RECEIVED","tranId":"BIDV_SONGBE-84932343725-267618780086259","messageId":null,"sendTo":"MOBI_SV","brGroup":"0","sarMsgRefNum":0,"sarSegmentSeqnum":0,"sarTotalSegments":0,"processTime":23,"providerDesc":null,"node":"NODE_3","cpCode":"MYNAME","retry":0,"shutDown":false,"dataEncode":0,"timeOut":false,"startTime":0,"list_messageId":null,"reqId_vivas":null,"cacheFrom":null,"systemId":"84932343725-5a77cc1f1c40c9","source":"API","optString":"{\"vinaphone\":{\"labelId\":\"0\",\"tmpId\":\"0\"}}","extenInfo":null}
26-02-2018 16:27:11 [INFO ] SUBMIT_LOG:30 - {"id":0,"phone":"84932343725","oper":"VMS","message":"BIDV_SONGBEtieng viet khong dau267618780065447","totalSms":1,"label":"BIDV_SONGBE","userSender":"myname","requestTime":1519637226772,"timeSend":1519637226846,"result":0,"type":0,"errorInfo":"84932343725-5a77cc1f1c40c93LoiGuiTin-Sai Tai khoan hoac Brandname khong dung84932343725-5a77cc1f1c40c9","tranId":"BIDV_SONGBE-84932343725-267618780086259","messageId":null,"sendTo":"MOBI_SV","brGroup":"0","sarMsgRefNum":0,"sarSegmentSeqnum":0,"sarTotalSegments":0,"processTime":5011,"providerDesc":"<MSG><ID>84932343725-5a77cc1f1c40c9</ID><ERRCODE>3</ERRCODE><ERRDETAIL>LoiGuiTin-Sai Tai khoan hoac Brandname khong dung</ERRDETAIL><CODENUMBER>84932343725-5a77cc1f1c40c9</CODENUMBER></MSG>","node":"NODE_3","cpCode":"MYNAME","retry":0,"shutDown":false,"dataEncode":0,"timeOut":false,"startTime":0,"list_messageId":null,"reqId_vivas":null,"cacheFrom":null,"systemId":"84932343725-5a77cc1f1c40c9","source":"API","optString":"{\"vinaphone\":{\"labelId\":\"0\",\"tmpId\":\"0\"}}","extenInfo":null}
26-02-2018 16:27:11 [INFO ] SUBMIT_LOG:30 - {"id":0,"phone":"84932343725","oper":"VMS","message":"BIDV_SONGBEtieng viet khong dau267618769835794","totalSms":1,"label":"BIDV_SONGBE","userSender":"myname","requestTime":1519637226772,"timeSend":1519637226780,"result":0,"type":0,"errorInfo":"84932343725-5a77cc1f1b7f2b3LoiGuiTin-Sai Tai khoan hoac Brandname khong dung84932343725-5a77cc1f1b7f2b","tranId":"BIDV_SONGBE-84932343725-267618769857461","messageId":null,"sendTo":"MOBI_SV","brGroup":"0","sarMsgRefNum":0,"sarSegmentSeqnum":0,"sarTotalSegments":0,"processTime":5080,"providerDesc":"<MSG><ID>84932343725-5a77cc1f1b7f2b</ID><ERRCODE>3</ERRCODE><ERRDETAIL>LoiGuiTin-Sai Tai khoan hoac Brandname khong dung</ERRDETAIL><CODENUMBER>84932343725-5a77cc1f1b7f2b</CODENUMBER></MSG>","node":"NODE_3","cpCode":"MYNAME","retry":0,"shutDown":false,"dataEncode":0,"timeOut":false,"startTime":0,"list_messageId":null,"reqId_vivas":null,"cacheFrom":null,"systemId":"84932343725-5a77cc1f1b7f2b","source":"API","optString":"{\"vinaphone\":{\"labelId\":\"0\",\"tmpId\":\"0\"}}","extenInfo":null}
26-02-2018 16:40:31 [INFO ] REQUEST_LOG:23 - {"id":0,"phone":"84","oper":"OTHER","message":"","totalSms":0,"label":"","userSender":"","requestTime":1519638031075,"timeSend":null,"result":6,"type":0,"errorInfo":"Authentication login failure |u=|p=","tranId":"","messageId":null,"sendTo":null,"brGroup":null,"sarMsgRefNum":0,"sarSegmentSeqnum":0,"sarTotalSegments":0,"processTime":0,"providerDesc":null,"node":"NODE_3","cpCode":null,"retry":0,"shutDown":false,"dataEncode":0,"timeOut":false,"startTime":0,"list_messageId":null,"reqId_vivas":null,"cacheFrom":null,"systemId":"84-5a78876349ad8c","source":"API","optString":null,"extenInfo":null}
